{csv_result}********************** Starting A New Beginning Women's Healthcare [0] ********************
[New Entry]
[Adding New Practitioner] Marie Carter
[Updating MAPS DATA]******************************************
********************** Starting A New Beginning Women's Healthcare [1] ********************
[Existing Provider]
[Updating Provider Data]
[Updating Database Data]
[Updating MAPS DATA][Adding Practitioner] => Mandie Works -----------
[Adding New Practitioner] Mandie Works
********************** Starting A New Beginning Women's Healthcare [2] ********************
[Existing Provider]
[Adding Practitioner] => Michelle Webster -----------
[Adding New Practitioner] Michelle Webster
********************** Starting A New Beginning Women's Healthcare [3] ********************
[Existing Provider]
[Adding Practitioner] => Michele Lange -----------
[Adding New Practitioner] Michele Lange
********************** Starting A New Beginning Women's Healthcare [4] ********************
[Existing Provider]
[Adding Practitioner] => Darrin L. Webster -----------
[Adding New Practitioner] Darrin L. Webster

