{csv_result}********************** Starting Westover Hills Clinic [0] ********************
[New Entry]
[Adding New Practitioner] Caroline Hernandez
[Updating MAPS DATA]******************************************
********************** Starting Westover Hills Clinic [1] ********************
[Existing Provider]
[Updating Provider Data]
[Updating Database Data]
[Updating MAPS DATA][Adding Practitioner] => Jerry Burris -----------
[Adding New Practitioner] Jerry Burris
********************** Starting White Settlement Family Practice [2] ********************
[New Entry]
[Adding New Practitioner] Cindy Atwell
[Updating MAPS DATA]******************************************
********************** Starting White Settlement Family Practice [3] ********************
[Existing Provider]
[Updating Provider Data]
[Updating Database Data]
[Updating MAPS DATA][Adding Practitioner] => Kelly Grimes -----------
[Adding New Practitioner] Kelly Grimes
********************** Starting Whitehouse Family Medical [4] ********************
[New Entry]
[Adding New Practitioner] Cheryl Layne
[Updating MAPS DATA]******************************************
********************** Starting Whitehouse Family Medical [5] ********************
[Existing Provider]
[Updating Provider Data]
[Updating Database Data]
[Updating MAPS DATA][Adding Practitioner] => Courtney Holcomb -----------
[Adding New Practitioner] Courtney Holcomb
********************** Starting Whole Health Chiropractic [6] ********************
[New Entry]
[Adding New Practitioner] Cory Rice
[Updating MAPS DATA]******************************************
********************** Starting Whole Woman Health, LLC [7] ********************
[New Entry]
[Adding New Practitioner] Lisa Kamphuis
[Updating MAPS DATA]******************************************
********************** Starting Wholehearted Healthcare [8] ********************
[New Entry]
[Adding New Practitioner] Eugena Foster
[Updating MAPS DATA]******************************************
********************** Starting Wilkinson Wellness Clinic [9] ********************
[New Entry]
[Adding New Practitioner] Richard Wilkinson
[Updating MAPS DATA]******************************************
********************** Starting William B. Roth MD, LLC [10] ********************
[New Entry]
[Adding New Practitioner] William Roth
[Updating MAPS DATA]******************************************
********************** Starting William E. Roundtree, MD, PC [11] ********************
[New Entry]
[Adding New Practitioner] William Roundtree
[Updating MAPS DATA]******************************************
********************** Starting William F. Simpson, Jr., D.O. [12] ********************
[New Entry]
[Adding New Practitioner] William F Simpson
[Updating MAPS DATA]******************************************
********************** Starting William W. Anderson, MD, PC [13] ********************
[New Entry]
[Adding New Practitioner] William W. Anderson
[Updating MAPS DATA]******************************************
********************** Starting Willis Holloway Jr., MD [14] ********************
[New Entry]
[Adding New Practitioner] Willis Holloway Jr.
[Updating MAPS DATA]******************************************
********************** Starting Willow Health and Aesthetics, LLC [15] ********************
[New Entry]
[Adding New Practitioner] Linda Frison
[Updating MAPS DATA]******************************************
********************** Starting Willow Med Spa [16] ********************
[New Entry]
[Adding New Practitioner] Erica Kuhnlein
[Updating MAPS DATA]******************************************
********************** Starting Wilmington Proactive Medicine [17] ********************
[New Entry]
[Adding New Practitioner] Sonja M. Shanley
[Updating MAPS DATA]******************************************
********************** Starting Wilmington Proactive Medicine [18] ********************
[Existing Provider]
[Updating Provider Data]
[Updating Database Data]
[Updating MAPS DATA][Adding Practitioner] => Katherine S. Mann -----------
[Adding New Practitioner] Katherine S. Mann
********************** Starting Wimberley Medi Spa [19] ********************
[New Entry]
[Adding New Practitioner] Kenneth B.  Hudspeth
[Updating MAPS DATA]******************************************
********************** Starting Wise Clinical Care Associates [20] ********************
[New Entry]
[Adding New Practitioner] Russell Edwards
[Updating MAPS DATA]******************************************
********************** Starting Wise Clinical Care Associates [21] ********************
[Existing Provider]
[Updating Provider Data]
[Updating Database Data]
[Updating MAPS DATA][Adding Practitioner] => Kelly Swofford -----------
[Adding New Practitioner] Kelly Swofford
********************** Starting Wise Clinical Care Associates - Boyd [22] ********************
[New Entry]
[Adding New Practitioner] LeaAnne Gilley
[Updating MAPS DATA]******************************************
********************** Starting Wise Clinical Care Associates - Boyd [23] ********************
[Existing Provider]
[Updating Provider Data]
[Updating Database Data]
[Updating MAPS DATA][Adding Practitioner] => Mauro Ganzon -----------
[Adding New Practitioner] Mauro Ganzon
********************** Starting Wise Clinical Care Associates - Boyd [24] ********************
[Existing Provider]
[Adding Practitioner] => Kayla Boehm -----------
[Adding New Practitioner] Kayla Boehm
********************** Starting Wise Clinical Care Associates - Boyd [25] ********************
[Existing Provider]
[Adding Practitioner] => Kylie Kase -----------
[Adding New Practitioner] Kylie Kase
********************** Starting Wise Clinical Care Associates - Boyd [26] ********************
[Existing Provider]
[Adding Practitioner] => Lauren  Morton -----------
[Adding New Practitioner] Lauren  Morton
********************** Starting Wise Clinical Care Associates - Boyd [27] ********************
[Existing Provider]
[Adding Practitioner] => Kylie Kase -----------
[Adding New Practitioner] Kylie Kase
********************** Starting Wise Clinical Care Associates - Bridgeport [28] ********************
[New Entry]
[Adding New Practitioner] Leisha  Blaylock
[Updating MAPS DATA]******************************************
********************** Starting Wise Clinical Care Associates - Bridgeport [29] ********************
[Existing Provider]
[Updating Provider Data]
[Updating Database Data]
[Updating MAPS DATA][Adding Practitioner] => Kayla Boehm -----------
[Adding New Practitioner] Kayla Boehm
********************** Starting Wise Clinical Care Associates - Bridgeport [30] ********************
[Existing Provider]
[Adding Practitioner] => Kylie Kase -----------
[Adding New Practitioner] Kylie Kase
********************** Starting Wise Clinical Care Associates - Decatur [31] ********************
[New Entry]
[Adding New Practitioner] C. Kelley  Tibbels
[Updating MAPS DATA]******************************************
********************** Starting Wise Clinical Care Associates - Decatur [32] ********************
[Existing Provider]
[Updating Provider Data]
[Updating Database Data]
[Updating MAPS DATA][Adding Practitioner] => Kayla Boehm -----------
[Adding New Practitioner] Kayla Boehm
********************** Starting Wise Clinical Care Associates - Decatur [33] ********************
[Existing Provider]
[Adding Practitioner] => LeaAnne Gilley -----------
[Adding New Practitioner] LeaAnne Gilley
********************** Starting Wise Clinical Care Associates - Decatur [34] ********************
[Existing Provider]
[Adding Practitioner] => Kylie Kase -----------
[Adding New Practitioner] Kylie Kase
********************** Starting Wise Health System [35] ********************
[New Entry]
[Adding New Practitioner] LeaAnne Gilley
[Updating MAPS DATA]******************************************
********************** Starting Wiseman Family Practice [36] ********************
[New Entry]
[Adding New Practitioner] Sellma Vllasi-White
[Updating MAPS DATA]******************************************
********************** Starting Wiseman Family Practice [37] ********************
[Existing Provider]
[Updating Provider Data]
[Updating Database Data]
[Updating MAPS DATA][Adding Practitioner] => Cindy Nieland -----------
[Adding New Practitioner] Cindy Nieland
********************** Starting Wiseman Family Practice [38] ********************
[Existing Provider]
[Adding Practitioner] => Susana Arevalo -----------
[Adding New Practitioner] Susana Arevalo
********************** Starting Wiseman Family Practice [39] ********************
[Existing Provider]
[Adding Practitioner] => Sandy Garza -----------
[Adding New Practitioner] Sandy Garza
********************** Starting Wiseman Family Practice [40] ********************
[Existing Provider]
[Adding Practitioner] => Diana King -----------
[Adding New Practitioner] Diana King
********************** Starting Wiseman Family Practice [41] ********************
[Existing Provider]
[Adding Practitioner] => Michelle Huff -----------
[Adding New Practitioner] Michelle Huff
********************** Starting Wiseman Family Practice [42] ********************
[Existing Provider]
[Adding Practitioner] => Ashley Calderon -----------
[Adding New Practitioner] Ashley Calderon
********************** Starting Wiseman Family Practice [43] ********************
[Existing Provider]
[Adding Practitioner] => Rachel Becerra -----------
[Adding New Practitioner] Rachel Becerra
********************** Starting Wiseman Family Practice [44] ********************
[Existing Provider]
[Adding Practitioner] => Megan  Roberts -----------
[Adding New Practitioner] Megan  Roberts
********************** Starting Wiseman Family Practice [45] ********************
[Existing Provider]
[Adding Practitioner] => Ashley Calderon -----------
[Adding New Practitioner] Ashley Calderon
********************** Starting Wiseman Family Practice [46] ********************
[Existing Provider]
[Adding Practitioner] => Brian Williams -----------
[Adding New Practitioner] Brian Williams
********************** Starting Wiseman Family Practice [47] ********************
[Existing Provider]
[Adding Practitioner] => Sandy Garza -----------
[Adding New Practitioner] Sandy Garza
********************** Starting Wiseman Family Practice [48] ********************
[Existing Provider]
[Adding Practitioner] => Lauren  Johnston Colletti -----------
[Adding New Practitioner] Lauren  Johnston Colletti
********************** Starting Wiseman Family Practice [49] ********************
[Existing Provider]
[Adding Practitioner] => Ashley Calderon -----------
[Adding New Practitioner] Ashley Calderon
********************** Starting Woman's Health Center Kissimmee [50] ********************
[New Entry]
[Adding New Practitioner] Mark Palazzolo
[Updating MAPS DATA]******************************************
********************** Starting Woman's Health Centers- Celebration [51] ********************
[New Entry]
[Adding New Practitioner] Michael DeNardis
[Updating MAPS DATA]******************************************
********************** Starting Woman's Place at the Lakes [52] ********************
[New Entry]
[Adding New Practitioner] John Guerra
[Updating MAPS DATA]******************************************
********************** Starting Womankind OB\/GYN [53] ********************
[New Entry]
[Adding New Practitioner] Hearther Daley
[Updating MAPS DATA]******************************************
********************** Starting Women Health Institute and GYN Spa [54] ********************
[New Entry]
[Adding New Practitioner] Jamith Torres Ramos
[Updating MAPS DATA]******************************************
********************** Starting Women's Care Center [55] ********************
[New Entry]
[Adding New Practitioner] Alvaro Mercado
[Updating MAPS DATA]******************************************
********************** Starting Women's Care Center [56] ********************
[Existing Provider]
[Updating Provider Data]
[Updating Database Data]
[Updating MAPS DATA][Adding Practitioner] => Sophie Mercado -----------
[Adding New Practitioner] Sophie Mercado
********************** Starting Women's Center of Excellence [57] ********************
[New Entry]
[Adding New Practitioner] Danielle Jimenez-Flores
[Updating MAPS DATA]******************************************
********************** Starting Women's Center of Excellence [58] ********************
[Existing Provider]
[Updating Provider Data]
[Updating Database Data]
[Updating MAPS DATA][Adding Practitioner] => Jennifer Almonte-Gonzalez -----------
[Adding New Practitioner] Jennifer Almonte-Gonzalez
********************** Starting Women's Center of Excellence [59] ********************
[Existing Provider]
[Adding Practitioner] => Liliana Padilla-Williams -----------
[Adding New Practitioner] Liliana Padilla-Williams
********************** Starting Women's Clinic [60] ********************
[New Entry]
[Adding New Practitioner] Trent J. Fogleman
[Updating MAPS DATA]******************************************
********************** Starting Women's Clinic [61] ********************
[Existing Provider]
[Updating Provider Data]
[Updating Database Data]
[Updating MAPS DATA][Adding Practitioner] => Ashley Shaw -----------
[Adding New Practitioner] Ashley Shaw
********************** Starting Women's Clinic of SWLA [62] ********************
[New Entry]
[Adding New Practitioner] James R. Rudd, Jr.
[Updating MAPS DATA]******************************************
********************** Starting Women's Continence and Robotic Surgery Specialists [63] ********************
[New Entry]
[Adding New Practitioner] Earle M. Pescatore Jr.
[Updating MAPS DATA]******************************************
********************** Starting Women's Health & Wellness [64] ********************
[New Entry]
[Adding New Practitioner] Jeanette Pilotte
[Updating MAPS DATA]******************************************
********************** Starting Women's Health and Wellness, LLC [65] ********************
[New Entry]
[Adding New Practitioner] Vicki Steen
[Updating MAPS DATA]******************************************
********************** Starting Women's Health and Wellness, LLC [66] ********************
[Existing Provider]
[Updating Provider Data]
[Updating Database Data]
[Updating MAPS DATA][Adding Practitioner] => Crystal Alack -----------
[Adding New Practitioner] Crystal Alack
********************** Starting Women's Health Associates- WHA [67] ********************
[New Entry]
[Adding New Practitioner] Carin Appel
[Updating MAPS DATA]******************************************
********************** Starting Women's Health Associates- WHA [68] ********************
[Existing Provider]
[Updating Provider Data]
[Updating Database Data]
[Updating MAPS DATA][Adding Practitioner] => Clyde Meeks -----------
[Adding New Practitioner] Clyde Meeks
********************** Starting Women's Health Associates- WHA [69] ********************
[Existing Provider]
[Adding Practitioner] => Rhodesia Castillo -----------
[Adding New Practitioner] Rhodesia Castillo
********************** Starting Women's Health Care Associates [70] ********************
[New Entry]
[Adding New Practitioner] Royice  Everett
[Updating MAPS DATA]******************************************
********************** Starting Women's Health Care Associates [71] ********************
[Existing Provider]
[Updating Provider Data]
[Updating Database Data]
[Updating MAPS DATA][Adding Practitioner] => Pamela Snyder -----------
[Adding New Practitioner] Pamela Snyder
********************** Starting Women's Health Care Associates [72] ********************
[Existing Provider]
[Adding Practitioner] => Kathy  England -----------
[Adding New Practitioner] Kathy  England
********************** Starting Women's Health Care Associates [73] ********************
[Existing Provider]
[Adding Practitioner] => Monica Abarca -----------
[Adding New Practitioner] Monica Abarca
********************** Starting Women's Health Care Associates [74] ********************
[Existing Provider]
[Adding Practitioner] => Karen Ashbeck -----------
[Adding New Practitioner] Karen Ashbeck
********************** Starting Women's Health Care Associates [75] ********************
[Existing Provider]
[Adding Practitioner] => Gerard Ashbeck -----------
[Adding New Practitioner] Gerard Ashbeck
********************** Starting Women's Health Care Associates [76] ********************
[Existing Provider]
[Adding Practitioner] => Catrina Bubier -----------
[Adding New Practitioner] Catrina Bubier
********************** Starting Women's Health Center of Central Kentucky [77] ********************
[New Entry]
[Adding New Practitioner] Leslie D. Simmons
[Updating MAPS DATA]******************************************
********************** Starting Women's Health Center of Lebanon, Ltd [78] ********************
[New Entry]
[Adding New Practitioner] Dennis Easter
[Updating MAPS DATA]******************************************
********************** Starting Women's Health Institute at Stockbridge [79] ********************
[New Entry]
[Adding New Practitioner] Anayo Umerah
[Updating MAPS DATA]******************************************
********************** Starting Women's Health Institute at Stockbridge [80] ********************
[Existing Provider]
[Updating Provider Data]
[Updating Database Data]
[Updating MAPS DATA][Adding Practitioner] => Kevin Edmonds -----------
[Adding New Practitioner] Kevin Edmonds
********************** Starting Women's Health Institute of Macon [81] ********************
[New Entry]
[Adding New Practitioner] Anayo Umerah
[Updating MAPS DATA]******************************************
********************** Starting Women's Health Institute of Macon [82] ********************
[Existing Provider]
[Updating Provider Data]
[Updating Database Data]
[Updating MAPS DATA][Adding Practitioner] => April Witzel -----------
[Adding New Practitioner] April Witzel
********************** Starting Women's Health Specialists of Central Florida [83] ********************
[New Entry]
[Adding New Practitioner] Silpa Senchani
[Updating MAPS DATA]******************************************
********************** Starting Women's Health Specialists of Central Florida- Orlando [84] ********************
[New Entry]
[Adding New Practitioner] Silpa Senchani
[Updating MAPS DATA]******************************************
********************** Starting Women's Health Specialists of North Atlanta [85] ********************
[New Entry]
[Adding New Practitioner] Ae Seon Cha
[Updating MAPS DATA]******************************************
********************** Starting Women's Healthcare Center of Baytown [86] ********************
[New Entry]
[Adding New Practitioner] Rosalyn Gayle
[Updating MAPS DATA]******************************************
********************** Starting Women's Healthcare Clinic  [87] ********************
[New Entry]
[Adding New Practitioner] Lakeisha  White Richardson
[Updating MAPS DATA]******************************************
********************** Starting Women's Healthcare Clinic  [88] ********************
[Existing Provider]
[Updating Provider Data]
[Updating Database Data]
[Updating MAPS DATA][Adding Practitioner] => Janice Adams -----------
[Adding New Practitioner] Janice Adams
********************** Starting Women's Pelvic Health, LLC [89] ********************
[New Entry]
[Adding New Practitioner] Gregory Bailey
[Updating MAPS DATA]******************************************
********************** Starting Women's Pelvic Health, LLC [90] ********************
[Existing Provider]
[Updating Provider Data]
[Updating Database Data]
[Updating MAPS DATA][Adding Practitioner] => Crystal Thompson -----------
[Adding New Practitioner] Crystal Thompson
********************** Starting Women's Pelvic Restorative Center [91] ********************
[New Entry]
[Adding New Practitioner] Peter Lotze
[Updating MAPS DATA]******************************************
********************** Starting Women's Pelvic Restorative Center [92] ********************
[Existing Provider]
[Updating Provider Data]
[Updating Database Data]
[Updating MAPS DATA][Adding Practitioner] => Annie Li -----------
[Adding New Practitioner] Annie Li
********************** Starting Women's Speciality Center [93] ********************
[New Entry]
[Adding New Practitioner] Alfredo Antonetti
[Updating MAPS DATA]******************************************
********************** Starting Women's Speciality Center [94] ********************
[Existing Provider]
[Updating Provider Data]
[Updating Database Data]
[Updating MAPS DATA][Adding Practitioner] => Elizabeth Ramirez -----------
[Adding New Practitioner] Elizabeth Ramirez
********************** Starting Women's Specialty Center [95] ********************
[New Entry]
[Adding New Practitioner] Alfredo Antonetti
[Updating MAPS DATA]******************************************
********************** Starting Women's Specialty Center [96] ********************
[Existing Provider]
[Updating Provider Data]
[Updating Database Data]
[Updating MAPS DATA][Adding Practitioner] => Liliana  Lozano -----------
[Adding New Practitioner] Liliana  Lozano
********************** Starting Women's Wellness and Anti-Aging Medical Spa [97] ********************
[New Entry]
[Adding New Practitioner] Erika Benabe-Gonzalez
[Updating MAPS DATA]******************************************
********************** Starting Women's Wellness at Flower Mound [98] ********************
[New Entry]
[Adding New Practitioner] Sylvie H. Paroski
[Updating MAPS DATA]******************************************
********************** Starting Women's Wellness at Flower Mound [99] ********************
[Existing Provider]
[Updating Provider Data]
[Updating Database Data]
[Updating MAPS DATA][Adding Practitioner] => Amy  Ornelas -----------
[Adding New Practitioner] Amy  Ornelas
********************** Starting Women's Wellness at Flower Mound [100] ********************
[Existing Provider]
[Adding Practitioner] => LeighAnn Kamm -----------
[Adding New Practitioner] LeighAnn Kamm
********************** Starting Women's Wellness Center [101] ********************
[New Entry]
[Adding New Practitioner] Terrence Harris
[Updating MAPS DATA]******************************************
********************** Starting Women's Wellness Center [102] ********************
[Existing Provider]
[Updating Provider Data]
[Updating Database Data]
[Updating MAPS DATA][Adding Practitioner] => Gail Pezzullo-Burgs -----------
[Adding New Practitioner] Gail Pezzullo-Burgs
********************** Starting Women's Wellness Institute of Dallas [103] ********************
[New Entry]
[Adding New Practitioner] Wesley A.   Brady
[Updating MAPS DATA]******************************************
********************** Starting Women's Wellness Institute of Dallas [104] ********************
[Existing Provider]
[Updating Provider Data]
[Updating Database Data]
[Updating MAPS DATA][Adding Practitioner] => Amy Grow -----------
[Adding New Practitioner] Amy Grow
********************** Starting Women's Wellness Institute of Dallas [105] ********************
[Existing Provider]
[Adding Practitioner] => Angie Christon -----------
[Adding New Practitioner] Angie Christon
********************** Starting Womens Healthcare Associates [106] ********************
[New Entry]
[Adding New Practitioner] Gary DeBakey
[Updating MAPS DATA]******************************************
********************** Starting Womens Healthcare Associates [107] ********************
[Existing Provider]
[Updating Provider Data]
[Updating Database Data]
[Updating MAPS DATA][Adding Practitioner] => Lou Rubio -----------
[Adding New Practitioner] Lou Rubio
********************** Starting Womens Healthcare Center of Georgia [108] ********************
[New Entry]
[Adding New Practitioner] Angela Hudson
[Updating MAPS DATA]******************************************
********************** Starting Womens Medical Care PC [109] ********************
[New Entry]
[Adding New Practitioner] Adam Feingold
[Updating MAPS DATA]******************************************
********************** Starting Womens Medical Care PC [110] ********************
[Existing Provider]
[Updating Provider Data]
[Updating Database Data]
[Updating MAPS DATA][Adding Practitioner] => Luis Fernandez -----------
[Adding New Practitioner] Luis Fernandez
********************** Starting Womens Medical Care PC [111] ********************
[Existing Provider]
[Adding Practitioner] => Linda Privette -----------
[Adding New Practitioner] Linda Privette
********************** Starting Womens Medical Center of Clovis [112] ********************
[New Entry]
[Adding New Practitioner] Mazin Al Saleh
[Updating MAPS DATA]******************************************
********************** Starting Womens Medical Center of Clovis [113] ********************
[Existing Provider]
[Updating Provider Data]
[Updating Database Data]
[Updating MAPS DATA][Adding Practitioner] => Cristy Walsh -----------
[Adding New Practitioner] Cristy Walsh
********************** Starting Womens Medical Center of Clovis [114] ********************
[Existing Provider]
[Adding Practitioner] => Mazin Al Saleh -----------
Practitioner exists.. Updating..
********************** Starting Womens Specialists of New Mexico [115] ********************
[New Entry]
[Adding New Practitioner] Donna Mosier
[Updating MAPS DATA]******************************************
********************** Starting Womens Specialists of New Mexico [116] ********************
[Existing Provider]
[Updating Provider Data]
[Updating Database Data]
[Updating MAPS DATA][Adding Practitioner] => Steven Gough -----------
[Adding New Practitioner] Steven Gough
********************** Starting Womens Specialists of New Mexico [117] ********************
[Existing Provider]
[Adding Practitioner] => Tammy Tanner -----------
[Adding New Practitioner] Tammy Tanner
********************** Starting Womens Specialists of New Mexico [118] ********************
[Existing Provider]
[Adding Practitioner] => Andrea Joseph -----------
[Adding New Practitioner] Andrea Joseph
********************** Starting Womens Specialists of New Mexico [119] ********************
[Existing Provider]
[Adding Practitioner] => Consuelo Carmona -----------
[Adding New Practitioner] Consuelo Carmona
********************** Starting Womens Specialists of New Mexico [120] ********************
[Existing Provider]
[Adding Practitioner] => Samantha Wilson -----------
[Adding New Practitioner] Samantha Wilson
********************** Starting Womens Specialists of New Mexico [121] ********************
[Existing Provider]
[Adding Practitioner] => Tammy Tanner -----------
[Adding New Practitioner] Tammy Tanner
********************** Starting Womens Wellness Center & Medical Spa [122] ********************
[New Entry]
[Adding New Practitioner] Michael Knapp
[Updating MAPS DATA]******************************************
********************** Starting Womens Wellness Center & Medical Spa [123] ********************
[Existing Provider]
[Updating Provider Data]
[Updating Database Data]
[Updating MAPS DATA][Adding Practitioner] => Suellen Schiener -----------
[Adding New Practitioner] Suellen Schiener
********************** Starting Woodland Park Family Medicine [124] ********************
[New Entry]
[Adding New Practitioner] Matthew C. Young
[Updating MAPS DATA]******************************************
********************** Starting Woodland Park Family Medicine [125] ********************
[Existing Provider]
[Updating Provider Data]
[Updating Database Data]
[Updating MAPS DATA][Adding Practitioner] => April Young -----------
[Adding New Practitioner] April Young
********************** Starting Woodland Park Family Medicine [126] ********************
[Existing Provider]
[Adding Practitioner] => Loretta Smith -----------
[Adding New Practitioner] Loretta Smith
********************** Starting Woodland Park Family Medicine [127] ********************
[Existing Provider]
[Adding Practitioner] => Stacy Concelman -----------
[Adding New Practitioner] Stacy Concelman
********************** Starting Woodlands Gynecology & Aesthetics [128] ********************
[New Entry]
[Adding New Practitioner] Johnny Peet
[Updating MAPS DATA]******************************************
********************** Starting Woodlands Gynecology & Aesthetics [129] ********************
[Existing Provider]
[Updating Provider Data]
[Updating Database Data]
[Updating MAPS DATA][Adding Practitioner] => Ginger Trejo -----------
[Adding New Practitioner] Ginger Trejo
********************** Starting Woodlands Gynecology & Aesthetics [130] ********************
[Existing Provider]
[Adding Practitioner] => Natalie Drake -----------
[Adding New Practitioner] Natalie Drake
********************** Starting Woodlands Internists, PA [131] ********************
[New Entry]
[Adding New Practitioner] Nadeem Jamil
[Updating MAPS DATA]******************************************
********************** Starting Woodlands Internists, PA [132] ********************
[Existing Provider]
[Updating Provider Data]
[Updating Database Data]
[Updating MAPS DATA][Adding Practitioner] => Heather N.  Smith -----------
[Adding New Practitioner] Heather N.  Smith
********************** Starting Woodlands Internists, PA [133] ********************
[Existing Provider]
[Adding Practitioner] => Rebekah Adai -----------
[Adding New Practitioner] Rebekah Adai
********************** Starting Woodlands Internists, PA [134] ********************
[Existing Provider]
[Adding Practitioner] => Parneet Mattewal -----------
[Adding New Practitioner] Parneet Mattewal
********************** Starting Woodlands Medical Aesthetics Institute [135] ********************
[New Entry]
[Adding New Practitioner] Johnny Peet
[Updating MAPS DATA]******************************************
********************** Starting Woodlands Medical Aesthetics Institute [136] ********************
[Existing Provider]
[Updating Provider Data]
[Updating Database Data]
[Updating MAPS DATA][Adding Practitioner] => Laura Sheffer -----------
[Adding New Practitioner] Laura Sheffer
********************** Starting Woodlands Medical Aesthetics Institute [137] ********************
[Existing Provider]
[Adding Practitioner] => Heather Bell -----------
[Adding New Practitioner] Heather Bell
********************** Starting Wound Healing Associates, PA [138] ********************
[New Entry]
[Adding New Practitioner] Patrick Kimbrell
[Updating MAPS DATA]******************************************
********************** Starting Wound Healing Associates, PA [139] ********************
[Existing Provider]
[Updating Provider Data]
[Updating Database Data]
[Updating MAPS DATA][Adding Practitioner] => Mark Robbins -----------
[Adding New Practitioner] Mark Robbins
********************** Starting Wrinkle Free MD Med Spa and Wellness Clinic [140] ********************
[New Entry]
[Adding New Practitioner] Emily Porter
[Updating MAPS DATA]******************************************
********************** Starting Wrinkle Free MD Med Spa and Wellness Clinic [141] ********************
[Existing Provider]
[Updating Provider Data]
[Updating Database Data]
[Updating MAPS DATA][Adding Practitioner] => Ryan Morrissey -----------
[Adding New Practitioner] Ryan Morrissey
********************** Starting Wymore Laser and Anti-Aging Medicine [142] ********************
[New Entry]
[Adding New Practitioner] Loakhnauth Ramkishun
[Updating MAPS DATA]******************************************
********************** Starting Wymore Laser and Anti-Aging Medicine [143] ********************
[Existing Provider]
[Updating Provider Data]
[Updating Database Data]
[Updating MAPS DATA][Adding Practitioner] => Anthony Filardo DC -----------
[Adding New Practitioner] Anthony Filardo DC
********************** Starting Wymore Laser and Anti-Aging Medicine [144] ********************
[Existing Provider]
[Adding Practitioner] => Angel Knight -----------
[Adding New Practitioner] Angel Knight
********************** Starting XSculpt Evanston [145] ********************
[New Entry]
[Adding New Practitioner] Marc Adajar
[Updating MAPS DATA]******************************************
********************** Starting XSculpt Evanston [146] ********************
[Existing Provider]
[Updating Provider Data]
[Updating Database Data]
[Updating MAPS DATA][Adding Practitioner] => Tatiana Batista -----------
[Adding New Practitioner] Tatiana Batista
********************** Starting XSculpt Evanston [147] ********************
[Existing Provider]
[Adding Practitioner] => Anh-Tuan Truong -----------
[Adding New Practitioner] Anh-Tuan Truong
********************** Starting XSculpt Evanston [148] ********************
[Existing Provider]
[Adding Practitioner] => Michelle Ortiz -----------
[Adding New Practitioner] Michelle Ortiz
********************** Starting XSculpt Global LLC [149] ********************
[New Entry]
[Adding New Practitioner] Marc Adajar
[Updating MAPS DATA]******************************************
********************** Starting XSculpt Global LLC [150] ********************
[Existing Provider]
[Updating Provider Data]
[Updating Database Data]
[Updating MAPS DATA][Adding Practitioner] => Tatiana Batista -----------
[Adding New Practitioner] Tatiana Batista
********************** Starting XSculpt Global LLC [151] ********************
[Existing Provider]
[Adding Practitioner] => Michelle Ortiz -----------
[Adding New Practitioner] Michelle Ortiz
********************** Starting XSculpt Global LLC [152] ********************
[Existing Provider]
[Adding Practitioner] => Anh-Tuan Truong -----------
[Adding New Practitioner] Anh-Tuan Truong
********************** Starting XSculpt Lakeview [153] ********************
[New Entry]
[Adding New Practitioner] Marc Adajar
[Updating MAPS DATA]******************************************
********************** Starting XSculpt Lakeview [154] ********************
[Existing Provider]
[Updating Provider Data]
[Updating Database Data]
[Updating MAPS DATA][Adding Practitioner] => Tatiana Batista -----------
[Adding New Practitioner] Tatiana Batista
********************** Starting XSculpt Lakeview [155] ********************
[Existing Provider]
[Adding Practitioner] => Michelle Ortiz -----------
[Adding New Practitioner] Michelle Ortiz
********************** Starting XSculpt Lakeview [156] ********************
[Existing Provider]
[Adding Practitioner] => Lauren Persico -----------
[Adding New Practitioner] Lauren Persico
********************** Starting XSculpt Lakeview [157] ********************
[Existing Provider]
[Adding Practitioner] => Anabel Ibarra -----------
[Adding New Practitioner] Anabel Ibarra
********************** Starting Yampa Valley Ob\/Gyn [158] ********************
[New Entry]
[Adding New Practitioner] Leslie Ahlmeyer
[Updating MAPS DATA]******************************************
********************** Starting Yang Institute of Integrative Medicine  [159] ********************
[New Entry]
[Adding New Practitioner] Jingduan Yang
[Updating MAPS DATA]******************************************
********************** Starting Yang Institute of Integrative Medicine  [160] ********************
[Existing Provider]
[Updating Provider Data]
[Updating Database Data]
[Updating MAPS DATA][Adding Practitioner] => Sharon Streets -----------
[Adding New Practitioner] Sharon Streets
********************** Starting Yardley Wellness Center [161] ********************
[New Entry]
[Adding New Practitioner] John Sabatini
[Updating MAPS DATA]******************************************
********************** Starting YOU.Designer Health [162] ********************
[New Entry]
[Adding New Practitioner] Carl  Britton
[Updating MAPS DATA]******************************************
********************** Starting YOU.Designer Health [163] ********************
[Existing Provider]
[Updating Provider Data]
[Updating Database Data]
[Updating MAPS DATA][Adding Practitioner] => Jennifer Gorman -----------
[Adding New Practitioner] Jennifer Gorman
********************** Starting Young Medical Spa [164] ********************
[New Entry]
[Adding New Practitioner] Thomas Young
[Updating MAPS DATA]******************************************
********************** Starting Young Medical Spa [165] ********************
[Existing Provider]
[Updating Provider Data]
[Updating Database Data]
[Updating MAPS DATA][Adding Practitioner] => Judith Walls -----------
[Adding New Practitioner] Judith Walls
********************** Starting Young Medical Spa [166] ********************
[Existing Provider]
[Adding Practitioner] => Lynn Testaiuti -----------
[Adding New Practitioner] Lynn Testaiuti
********************** Starting Young Medical Spa [167] ********************
[Existing Provider]
[Adding Practitioner] => Paula Di Marco Young -----------
[Adding New Practitioner] Paula Di Marco Young
********************** Starting Young Medical Spa [168] ********************
[Existing Provider]
[Adding Practitioner] => Thomas Young -----------
Practitioner exists.. Updating..
********************** Starting Young Medical Spa [169] ********************
[Existing Provider]
[Adding Practitioner] => Judith Walls -----------
Practitioner exists.. Updating..
********************** Starting Young Medical Spa [170] ********************
[Existing Provider]
[Adding Practitioner] => Lynn Testaiuti -----------
Practitioner exists.. Updating..
********************** Starting Your Health District [171] ********************
[New Entry]
[Adding New Practitioner] Laura Magoffie
[Updating MAPS DATA]******************************************
********************** Starting Your Hormone Doctor [172] ********************
[New Entry]
[Adding New Practitioner] Janine A.  Blackman
[Updating MAPS DATA]******************************************
********************** Starting Your Will Wellness LLC [173] ********************
[New Entry]
[Adding New Practitioner] Sherrine Richmond
[Updating MAPS DATA]******************************************
********************** Starting YourMD, SC [174] ********************
[New Entry]
[Adding New Practitioner] Richard Lewis
[Updating MAPS DATA]******************************************
********************** Starting YourMD, SC [175] ********************
[Existing Provider]
[Updating Provider Data]
[Updating Database Data]
[Updating MAPS DATA][Adding Practitioner] => LuAnn Moraski -----------
[Adding New Practitioner] LuAnn Moraski
********************** Starting Z-Spa [176] ********************
[New Entry]
[Adding New Practitioner] Gregory Gardner
[Updating MAPS DATA]******************************************
********************** Starting Zachary OB\/GYN [177] ********************
[New Entry]
[Adding New Practitioner] Lydia Lewis
[Updating MAPS DATA]******************************************
********************** Starting Zest Family Practice [178] ********************
[New Entry]
[Adding New Practitioner] Robert Francis Mijares
[Updating MAPS DATA]******************************************
********************** Starting Zest Family Practice [179] ********************
[Existing Provider]
[Updating Provider Data]
[Updating Database Data]
[Updating MAPS DATA][Adding Practitioner] => Ashley Whatley -----------
[Adding New Practitioner] Ashley Whatley
********************** Starting Zest Family Practice [180] ********************
[Existing Provider]
[Adding Practitioner] => Raissa Behm -----------
[Adding New Practitioner] Raissa Behm
********************** Starting Zestful Health [181] ********************
[New Entry]
[Adding New Practitioner] Sanjay Khedia
[Updating MAPS DATA]******************************************
********************** Starting Zhoy Vitality Center [182] ********************
[New Entry]
[Adding New Practitioner] Areej Salem
[Updating MAPS DATA]******************************************
********************** Starting ZI K.P.A. [183] ********************
[New Entry]
[Adding New Practitioner] Vladimir Grebennikov
[Updating MAPS DATA]******************************************
********************** Starting ZI K.P.A. [184] ********************
[Existing Provider]
[Updating Provider Data]
[Updating Database Data]
[Updating MAPS DATA][Adding Practitioner] => Tatyana Gurevich -----------
[Adding New Practitioner] Tatyana Gurevich
********************** Starting Zzap Wellness [185] ********************
[New Entry]
[Adding New Practitioner] Stacey O'Hara
[Updating MAPS DATA]******************************************
********************** Starting Zzap Wellness [186] ********************
[Existing Provider]
[Updating Provider Data]
[Updating Database Data]
[Updating MAPS DATA][Adding Practitioner] => Leea Guy -----------
[Adding New Practitioner] Leea Guy

