{csv_result}********************** Starting A New Beginning Women's Healthcare [0] ********************
[Existing Provider]
[Updating Provider Data]
[Updating Database Data]
[Updating MAPS DATA][Adding Practitioner] => New Marie New Carter -----------
Practitioner exists.. Updating..
********************** Starting A New Beginning Women's Healthcare [1] ********************
[Existing Provider]
[Adding Practitioner] => New Marie New Carter -----------
Practitioner exists.. Updating..
********************** Starting A New Beginning Women's Healthcare [2] ********************
[Existing Provider]
[Adding Practitioner] => New Marie New Carter -----------
Practitioner exists.. Updating..
********************** Starting A New Beginning Women's Healthcare [3] ********************
[Existing Provider]
[Adding Practitioner] => New Marie New Carter -----------
Practitioner exists.. Updating..
********************** Starting A New Beginning Women's Healthcare [4] ********************
[Existing Provider]
[Adding Practitioner] => New Marie New Carter -----------
Practitioner exists.. Updating..

