{csv_result}********************** Starting  [0] ********************
[New Entry]
[Adding New Practitioner] Caroline Hernandez
[Updating MAPS DATA]******************************************
********************** Starting  [1] ********************
[New Entry]
[Adding New Practitioner] Jerry Burris
[Updating MAPS DATA]******************************************
********************** Starting  [2] ********************
[New Entry]
[Adding New Practitioner] Cindy Atwell
[Updating MAPS DATA]******************************************
********************** Starting  [3] ********************
[New Entry]
[Adding New Practitioner] Kelly Grimes
[Updating MAPS DATA]******************************************
********************** Starting  [4] ********************
[New Entry]
[Adding New Practitioner] Cheryl Layne
[Updating MAPS DATA]******************************************
********************** Starting  [5] ********************
[New Entry]
[Adding New Practitioner] Courtney Holcomb
[Updating MAPS DATA]******************************************
********************** Starting  [6] ********************
[New Entry]
[Adding New Practitioner] Cory Rice
******************************************
********************** Starting  [7] ********************
[New Entry]
[Adding New Practitioner] Lisa Kamphuis
[Updating MAPS DATA]******************************************
********************** Starting  [8] ********************
[New Entry]
[Adding New Practitioner] Eugena Foster
[Updating MAPS DATA]******************************************
********************** Starting  [9] ********************
[New Entry]
[Adding New Practitioner] Richard Wilkinson
[Updating MAPS DATA]******************************************
********************** Starting  [10] ********************
[New Entry]
[Adding New Practitioner] William Roth
[Updating MAPS DATA]******************************************
********************** Starting  [11] ********************
[New Entry]
[Adding New Practitioner] William Roundtree
******************************************
********************** Starting  [12] ********************
[New Entry]
[Adding New Practitioner] William F Simpson
[Updating MAPS DATA]******************************************
********************** Starting  [13] ********************
[New Entry]
[Adding New Practitioner] William W. Anderson
[Updating MAPS DATA]******************************************
********************** Starting  [14] ********************
[New Entry]
[Adding New Practitioner] Willis Holloway Jr.
[Updating MAPS DATA]******************************************
********************** Starting  [15] ********************
[New Entry]
[Adding New Practitioner] Linda Frison
[Updating MAPS DATA]******************************************
********************** Starting  [16] ********************
[New Entry]
[Adding New Practitioner] Erica Kuhnlein
******************************************
********************** Starting  [17] ********************
[New Entry]
[Adding New Practitioner] Sonja M. Shanley
[Updating MAPS DATA]******************************************
********************** Starting  [18] ********************
[New Entry]
[Adding New Practitioner] Katherine S. Mann
[Updating MAPS DATA]******************************************
********************** Starting  [19] ********************
[New Entry]
[Adding New Practitioner] Kenneth B.  Hudspeth
******************************************
********************** Starting  [20] ********************
[New Entry]
[Adding New Practitioner] Russell Edwards
[Updating MAPS DATA]******************************************
********************** Starting  [21] ********************
[New Entry]
[Adding New Practitioner] Kelly Swofford
[Updating MAPS DATA]******************************************
********************** Starting  [22] ********************
[New Entry]
[Adding New Practitioner] LeaAnne Gilley
******************************************
********************** Starting  [23] ********************
[New Entry]
[Adding New Practitioner] Mauro Ganzon
[Updating MAPS DATA]******************************************
********************** Starting  [24] ********************
[New Entry]
[Adding New Practitioner] Kayla Boehm
[Updating MAPS DATA]******************************************
********************** Starting  [25] ********************
[New Entry]
[Adding New Practitioner] Kylie Kase
[Updating MAPS DATA]******************************************
********************** Starting  [26] ********************
[New Entry]
[Adding New Practitioner] Lauren  Morton
[Updating MAPS DATA]******************************************
********************** Starting  [27] ********************
[New Entry]
[Adding New Practitioner] Kylie Kase
[Updating MAPS DATA]******************************************
********************** Starting  [28] ********************
[New Entry]
[Adding New Practitioner] Leisha  Blaylock
[Updating MAPS DATA]******************************************
********************** Starting  [29] ********************
[New Entry]
[Adding New Practitioner] Kayla Boehm
[Updating MAPS DATA]******************************************
********************** Starting  [30] ********************
[New Entry]
[Adding New Practitioner] Kylie Kase
[Updating MAPS DATA]******************************************
********************** Starting  [31] ********************
[New Entry]
[Adding New Practitioner] C. Kelley  Tibbels
[Updating MAPS DATA]******************************************
********************** Starting  [32] ********************
[New Entry]
[Adding New Practitioner] Kayla Boehm
[Updating MAPS DATA]******************************************
********************** Starting  [33] ********************
[New Entry]
[Adding New Practitioner] LeaAnne Gilley
[Updating MAPS DATA]******************************************
********************** Starting  [34] ********************
[New Entry]
[Adding New Practitioner] Kylie Kase
[Updating MAPS DATA]******************************************
********************** Starting  [35] ********************
[New Entry]
[Adding New Practitioner] LeaAnne Gilley
******************************************
********************** Starting  [36] ********************
[New Entry]
[Adding New Practitioner] Sellma Vllasi-White
[Updating MAPS DATA]******************************************
********************** Starting  [37] ********************
[New Entry]
[Adding New Practitioner] Cindy Nieland
[Updating MAPS DATA]******************************************
********************** Starting  [38] ********************
[New Entry]
[Adding New Practitioner] Susana Arevalo
[Updating MAPS DATA]******************************************
********************** Starting  [39] ********************
[New Entry]
[Adding New Practitioner] Sandy Garza
[Updating MAPS DATA]******************************************
********************** Starting  [40] ********************
[New Entry]
[Adding New Practitioner] Diana King
[Updating MAPS DATA]******************************************
********************** Starting  [41] ********************
[New Entry]
[Adding New Practitioner] Michelle Huff
[Updating MAPS DATA]******************************************
********************** Starting  [42] ********************
[New Entry]
[Adding New Practitioner] Ashley Calderon
[Updating MAPS DATA]******************************************
********************** Starting  [43] ********************
[New Entry]
[Adding New Practitioner] Rachel Becerra
[Updating MAPS DATA]******************************************
********************** Starting  [44] ********************
[New Entry]
[Adding New Practitioner] Megan  Roberts
[Updating MAPS DATA]******************************************
********************** Starting  [45] ********************
[New Entry]
[Adding New Practitioner] Ashley Calderon
[Updating MAPS DATA]******************************************
********************** Starting  [46] ********************
[New Entry]
[Adding New Practitioner] Brian Williams
[Updating MAPS DATA]******************************************
********************** Starting  [47] ********************
[New Entry]
[Adding New Practitioner] Sandy Garza
[Updating MAPS DATA]******************************************
********************** Starting  [48] ********************
[New Entry]
[Adding New Practitioner] Lauren  Johnston Colletti
[Updating MAPS DATA]******************************************
********************** Starting  [49] ********************
[New Entry]
[Adding New Practitioner] Ashley Calderon
[Updating MAPS DATA]******************************************
********************** Starting  [50] ********************
[New Entry]
[Adding New Practitioner] Mark Palazzolo
[Updating MAPS DATA]******************************************
********************** Starting  [51] ********************
[New Entry]
[Adding New Practitioner] Michael DeNardis
[Updating MAPS DATA]******************************************
********************** Starting  [52] ********************
[New Entry]
[Adding New Practitioner] John Guerra
[Updating MAPS DATA]******************************************
********************** Starting  [53] ********************
[New Entry]
[Adding New Practitioner] Hearther Daley
[Updating MAPS DATA]******************************************
********************** Starting  [54] ********************
[New Entry]
[Adding New Practitioner] Jamith Torres Ramos
[Updating MAPS DATA]******************************************
********************** Starting  [55] ********************
[New Entry]
[Adding New Practitioner] Alvaro Mercado
[Updating MAPS DATA]******************************************
********************** Starting  [56] ********************
[New Entry]
[Adding New Practitioner] Sophie Mercado
[Updating MAPS DATA]******************************************
********************** Starting  [57] ********************
[New Entry]
[Adding New Practitioner] Danielle Jimenez-Flores
[Updating MAPS DATA]******************************************
********************** Starting  [58] ********************
[New Entry]
[Adding New Practitioner] Jennifer Almonte-Gonzalez
[Updating MAPS DATA]******************************************
********************** Starting  [59] ********************
[New Entry]
[Adding New Practitioner] Liliana Padilla-Williams
[Updating MAPS DATA]******************************************
********************** Starting  [60] ********************
[New Entry]
[Adding New Practitioner] Trent J. Fogleman
******************************************
********************** Starting  [61] ********************
[New Entry]
[Adding New Practitioner] Ashley Shaw
******************************************
********************** Starting  [62] ********************
[New Entry]
[Adding New Practitioner] James R. Rudd, Jr.
[Updating MAPS DATA]******************************************
********************** Starting  [63] ********************
[New Entry]
[Adding New Practitioner] Earle M. Pescatore Jr.
******************************************
********************** Starting  [64] ********************
[New Entry]
[Adding New Practitioner] Jeanette Pilotte
[Updating MAPS DATA]******************************************
********************** Starting  [65] ********************
[New Entry]
[Adding New Practitioner] Vicki Steen
[Updating MAPS DATA]******************************************
********************** Starting  [66] ********************
[New Entry]
[Adding New Practitioner] Crystal Alack
[Updating MAPS DATA]******************************************
********************** Starting  [67] ********************
[New Entry]
[Adding New Practitioner] Carin Appel
[Updating MAPS DATA]******************************************
********************** Starting  [68] ********************
[New Entry]
[Adding New Practitioner] Clyde Meeks
[Updating MAPS DATA]******************************************
********************** Starting  [69] ********************
[New Entry]
[Adding New Practitioner] Rhodesia Castillo
[Updating MAPS DATA]******************************************
********************** Starting  [70] ********************
[New Entry]
[Adding New Practitioner] Royice  Everett
[Updating MAPS DATA]******************************************
********************** Starting  [71] ********************
[New Entry]
[Adding New Practitioner] Pamela Snyder
[Updating MAPS DATA]******************************************
********************** Starting  [72] ********************
[New Entry]
[Adding New Practitioner] Kathy  England
[Updating MAPS DATA]******************************************
********************** Starting  [73] ********************
[New Entry]
[Adding New Practitioner] Monica Abarca
[Updating MAPS DATA]******************************************
********************** Starting  [74] ********************
[New Entry]
[Adding New Practitioner] Karen Ashbeck
[Updating MAPS DATA]******************************************
********************** Starting  [75] ********************
[New Entry]
[Adding New Practitioner] Gerard Ashbeck
[Updating MAPS DATA]******************************************
********************** Starting  [76] ********************
[New Entry]
[Adding New Practitioner] Catrina Bubier
[Updating MAPS DATA]******************************************
********************** Starting  [77] ********************
[New Entry]
[Adding New Practitioner] Leslie D. Simmons
******************************************
********************** Starting  [78] ********************
[New Entry]
[Adding New Practitioner] Dennis Easter
[Updating MAPS DATA]******************************************
********************** Starting  [79] ********************
[New Entry]
[Adding New Practitioner] Anayo Umerah
[Updating MAPS DATA]******************************************
********************** Starting  [80] ********************
[New Entry]
[Adding New Practitioner] Kevin Edmonds
[Updating MAPS DATA]******************************************
********************** Starting  [81] ********************
[New Entry]
[Adding New Practitioner] Anayo Umerah
[Updating MAPS DATA]******************************************
********************** Starting  [82] ********************
[New Entry]
[Adding New Practitioner] April Witzel
[Updating MAPS DATA]******************************************
********************** Starting  [83] ********************
[New Entry]
[Adding New Practitioner] Silpa Senchani
[Updating MAPS DATA]******************************************
********************** Starting  [84] ********************
[New Entry]
[Adding New Practitioner] Silpa Senchani
[Updating MAPS DATA]******************************************
********************** Starting  [85] ********************
[New Entry]
[Adding New Practitioner] Ae Seon Cha
[Updating MAPS DATA]******************************************
********************** Starting  [86] ********************
[New Entry]
[Adding New Practitioner] Rosalyn Gayle
[Updating MAPS DATA]******************************************
********************** Starting  [87] ********************
[New Entry]
[Adding New Practitioner] Lakeisha  White Richardson
[Updating MAPS DATA]******************************************
********************** Starting  [88] ********************
[New Entry]
[Adding New Practitioner] Janice Adams
[Updating MAPS DATA]******************************************
********************** Starting  [89] ********************
[New Entry]
[Adding New Practitioner] Gregory Bailey
[Updating MAPS DATA]******************************************
********************** Starting  [90] ********************
[New Entry]
[Adding New Practitioner] Crystal Thompson
[Updating MAPS DATA]******************************************
********************** Starting  [91] ********************
[New Entry]
[Adding New Practitioner] Peter Lotze
[Updating MAPS DATA]******************************************
********************** Starting  [92] ********************
[New Entry]
[Adding New Practitioner] Annie Li
[Updating MAPS DATA]******************************************
********************** Starting  [93] ********************
[New Entry]
[Adding New Practitioner] Alfredo Antonetti
[Updating MAPS DATA]******************************************
********************** Starting  [94] ********************
[New Entry]
[Adding New Practitioner] Elizabeth Ramirez
******************************************
********************** Starting  [95] ********************
[New Entry]
[Adding New Practitioner] Alfredo Antonetti
[Updating MAPS DATA]******************************************
********************** Starting  [96] ********************
[New Entry]
[Adding New Practitioner] Liliana  Lozano
[Updating MAPS DATA]******************************************
********************** Starting  [97] ********************
[New Entry]
[Adding New Practitioner] Erika Benabe-Gonzalez
[Updating MAPS DATA]******************************************
********************** Starting  [98] ********************
[New Entry]
[Adding New Practitioner] Sylvie H. Paroski
******************************************
********************** Starting  [99] ********************
[New Entry]
[Adding New Practitioner] Amy  Ornelas
******************************************
********************** Starting  [100] ********************
[New Entry]
[Adding New Practitioner] LeighAnn Kamm
******************************************
********************** Starting  [101] ********************
[New Entry]
[Adding New Practitioner] Terrence Harris
[Updating MAPS DATA]******************************************
********************** Starting  [102] ********************
[New Entry]
[Adding New Practitioner] Gail Pezzullo-Burgs
[Updating MAPS DATA]******************************************
********************** Starting  [103] ********************
[New Entry]
[Adding New Practitioner] Wesley A.   Brady
[Updating MAPS DATA]******************************************
********************** Starting  [104] ********************
[New Entry]
[Adding New Practitioner] Amy Grow
[Updating MAPS DATA]******************************************
********************** Starting  [105] ********************
[New Entry]
[Adding New Practitioner] Angie Christon
[Updating MAPS DATA]******************************************
********************** Starting  [106] ********************
[New Entry]
[Adding New Practitioner] Gary DeBakey
[Updating MAPS DATA]******************************************
********************** Starting  [107] ********************
[New Entry]
[Adding New Practitioner] Lou Rubio
[Updating MAPS DATA]******************************************
********************** Starting  [108] ********************
[New Entry]
[Adding New Practitioner] Angela Hudson
[Updating MAPS DATA]******************************************
********************** Starting  [109] ********************
[New Entry]
[Adding New Practitioner] Adam Feingold
[Updating MAPS DATA]******************************************
********************** Starting  [110] ********************
[New Entry]
[Adding New Practitioner] Luis Fernandez
[Updating MAPS DATA]******************************************
********************** Starting  [111] ********************
[New Entry]
[Adding New Practitioner] Linda Privette
[Updating MAPS DATA]******************************************
********************** Starting  [112] ********************
[New Entry]
[Adding New Practitioner] Mazin Al Saleh
[Updating MAPS DATA]******************************************
********************** Starting  [113] ********************
[New Entry]
[Adding New Practitioner] Cristy Walsh
[Updating MAPS DATA]******************************************
********************** Starting  [114] ********************
[New Entry]
[Adding New Practitioner] Mazin Al Saleh
[Updating MAPS DATA]******************************************
********************** Starting  [115] ********************
[New Entry]
[Adding New Practitioner] Donna Mosier
******************************************
********************** Starting  [116] ********************
[New Entry]
[Adding New Practitioner] Steven Gough
[Updating MAPS DATA]******************************************
********************** Starting  [117] ********************
[New Entry]
[Adding New Practitioner] Tammy Tanner
[Updating MAPS DATA]******************************************
********************** Starting  [118] ********************
[New Entry]
[Adding New Practitioner] Andrea Joseph
[Updating MAPS DATA]******************************************
********************** Starting  [119] ********************
[New Entry]
[Adding New Practitioner] Consuelo Carmona
[Updating MAPS DATA]******************************************
********************** Starting  [120] ********************
[New Entry]
[Adding New Practitioner] Samantha Wilson
[Updating MAPS DATA]******************************************
********************** Starting  [121] ********************
[New Entry]
[Adding New Practitioner] Tammy Tanner
[Updating MAPS DATA]******************************************
********************** Starting  [122] ********************
[New Entry]
[Adding New Practitioner] Michael Knapp
[Updating MAPS DATA]******************************************
********************** Starting  [123] ********************
[New Entry]
[Adding New Practitioner] Suellen Schiener
[Updating MAPS DATA]******************************************
********************** Starting  [124] ********************
[New Entry]
[Adding New Practitioner] Matthew C. Young
[Updating MAPS DATA]******************************************
********************** Starting  [125] ********************
[New Entry]
[Adding New Practitioner] April Young
[Updating MAPS DATA]******************************************
********************** Starting  [126] ********************
[New Entry]
[Adding New Practitioner] Loretta Smith
[Updating MAPS DATA]******************************************
********************** Starting  [127] ********************
[New Entry]
[Adding New Practitioner] Stacy Concelman
[Updating MAPS DATA]******************************************
********************** Starting  [128] ********************
[New Entry]
[Adding New Practitioner] Johnny Peet
[Updating MAPS DATA]******************************************
********************** Starting  [129] ********************
[New Entry]
[Adding New Practitioner] Ginger Trejo
[Updating MAPS DATA]******************************************
********************** Starting  [130] ********************
[New Entry]
[Adding New Practitioner] Natalie Drake
[Updating MAPS DATA]******************************************
********************** Starting  [131] ********************
[New Entry]
[Adding New Practitioner] Nadeem Jamil
******************************************
********************** Starting  [132] ********************
[New Entry]
[Adding New Practitioner] Heather N.  Smith
******************************************
********************** Starting  [133] ********************
[New Entry]
[Adding New Practitioner] Rebekah Adai
******************************************
********************** Starting  [134] ********************
[New Entry]
[Adding New Practitioner] Parneet Mattewal
******************************************
********************** Starting  [135] ********************
[New Entry]
[Adding New Practitioner] Johnny Peet
[Updating MAPS DATA]******************************************
********************** Starting  [136] ********************
[New Entry]
[Adding New Practitioner] Laura Sheffer
[Updating MAPS DATA]******************************************
********************** Starting  [137] ********************
[New Entry]
[Adding New Practitioner] Heather Bell
[Updating MAPS DATA]******************************************
********************** Starting  [138] ********************
[New Entry]
[Adding New Practitioner] Patrick Kimbrell
[Updating MAPS DATA]******************************************
********************** Starting  [139] ********************
[New Entry]
[Adding New Practitioner] Mark Robbins
[Updating MAPS DATA]******************************************
********************** Starting  [140] ********************
[New Entry]
[Adding New Practitioner] Emily Porter
[Updating MAPS DATA]******************************************
********************** Starting  [141] ********************
[New Entry]
[Adding New Practitioner] Ryan Morrissey
[Updating MAPS DATA]******************************************
********************** Starting  [142] ********************
[New Entry]
[Adding New Practitioner] Loakhnauth Ramkishun
******************************************
********************** Starting  [143] ********************
[New Entry]
[Adding New Practitioner] Anthony Filardo DC
******************************************
********************** Starting  [144] ********************
[New Entry]
[Adding New Practitioner] Angel Knight
******************************************
********************** Starting  [145] ********************
[New Entry]
[Adding New Practitioner] Marc Adajar
[Updating MAPS DATA]******************************************
********************** Starting  [146] ********************
[New Entry]
[Adding New Practitioner] Tatiana Batista
[Updating MAPS DATA]******************************************
********************** Starting  [147] ********************
[New Entry]
[Adding New Practitioner] Anh-Tuan Truong
[Updating MAPS DATA]******************************************
********************** Starting  [148] ********************
[New Entry]
[Adding New Practitioner] Michelle Ortiz
[Updating MAPS DATA]******************************************
********************** Starting  [149] ********************
[New Entry]
[Adding New Practitioner] Marc Adajar
[Updating MAPS DATA]******************************************
********************** Starting  [150] ********************
[New Entry]
[Adding New Practitioner] Tatiana Batista
[Updating MAPS DATA]******************************************
********************** Starting  [151] ********************
[New Entry]
[Adding New Practitioner] Michelle Ortiz
[Updating MAPS DATA]******************************************
********************** Starting  [152] ********************
[New Entry]
[Adding New Practitioner] Anh-Tuan Truong
[Updating MAPS DATA]******************************************
********************** Starting  [153] ********************
[New Entry]
[Adding New Practitioner] Marc Adajar
[Updating MAPS DATA]******************************************
********************** Starting  [154] ********************
[New Entry]
[Adding New Practitioner] Tatiana Batista
[Updating MAPS DATA]******************************************
********************** Starting  [155] ********************
[New Entry]
[Adding New Practitioner] Michelle Ortiz
[Updating MAPS DATA]******************************************
********************** Starting  [156] ********************
[New Entry]
[Adding New Practitioner] Lauren Persico
[Updating MAPS DATA]******************************************
********************** Starting  [157] ********************
[New Entry]
[Adding New Practitioner] Anabel Ibarra
[Updating MAPS DATA]******************************************
********************** Starting  [158] ********************
[New Entry]
[Adding New Practitioner] Leslie Ahlmeyer
******************************************
********************** Starting  [159] ********************
[New Entry]
[Adding New Practitioner] Jingduan Yang
******************************************
********************** Starting  [160] ********************
[New Entry]
[Adding New Practitioner] Sharon Streets
******************************************
********************** Starting  [161] ********************
[New Entry]
[Adding New Practitioner] John Sabatini
[Updating MAPS DATA]******************************************
********************** Starting  [162] ********************
[New Entry]
[Adding New Practitioner] Carl  Britton
[Updating MAPS DATA]******************************************
********************** Starting  [163] ********************
[New Entry]
[Adding New Practitioner] Jennifer Gorman
[Updating MAPS DATA]******************************************
********************** Starting  [164] ********************
[New Entry]
[Adding New Practitioner] Thomas Young
[Updating MAPS DATA]******************************************
********************** Starting  [165] ********************
[New Entry]
[Adding New Practitioner] Judith Walls
[Updating MAPS DATA]******************************************
********************** Starting  [166] ********************
[New Entry]
[Adding New Practitioner] Lynn Testaiuti
[Updating MAPS DATA]******************************************
********************** Starting  [167] ********************
[New Entry]
[Adding New Practitioner] Paula Di Marco Young
[Updating MAPS DATA]******************************************
********************** Starting  [168] ********************
[New Entry]
[Adding New Practitioner] Thomas Young
[Updating MAPS DATA]******************************************
********************** Starting  [169] ********************
[New Entry]
[Adding New Practitioner] Judith Walls
[Updating MAPS DATA]******************************************
********************** Starting  [170] ********************
[New Entry]
[Adding New Practitioner] Lynn Testaiuti
[Updating MAPS DATA]******************************************
********************** Starting  [171] ********************
[New Entry]
[Adding New Practitioner] Laura Magoffie
[Updating MAPS DATA]******************************************
********************** Starting  [172] ********************
[New Entry]
[Adding New Practitioner] Janine A.  Blackman
[Updating MAPS DATA]******************************************
********************** Starting  [173] ********************
[New Entry]
[Adding New Practitioner] Sherrine Richmond
[Updating MAPS DATA]******************************************
********************** Starting  [174] ********************
[New Entry]
[Adding New Practitioner] Richard Lewis
[Updating MAPS DATA]******************************************
********************** Starting  [175] ********************
[New Entry]
[Adding New Practitioner] LuAnn Moraski
[Updating MAPS DATA]******************************************
********************** Starting  [176] ********************
[New Entry]
[Adding New Practitioner] Gregory Gardner
[Updating MAPS DATA]******************************************
********************** Starting  [177] ********************
[New Entry]
[Adding New Practitioner] Lydia Lewis
******************************************
********************** Starting  [178] ********************
[New Entry]
[Adding New Practitioner] Robert Francis Mijares
[Updating MAPS DATA]******************************************
********************** Starting  [179] ********************
[New Entry]
[Adding New Practitioner] Ashley Whatley
[Updating MAPS DATA]******************************************
********************** Starting  [180] ********************
[New Entry]
[Adding New Practitioner] Raissa Behm
[Updating MAPS DATA]******************************************
********************** Starting  [181] ********************
[New Entry]
[Adding New Practitioner] Sanjay Khedia
[Updating MAPS DATA]******************************************
********************** Starting  [182] ********************
[New Entry]
[Adding New Practitioner] Areej Salem
******************************************
********************** Starting  [183] ********************
[New Entry]
[Adding New Practitioner] Vladimir Grebennikov
[Updating MAPS DATA]******************************************
********************** Starting  [184] ********************
[New Entry]
[Adding New Practitioner] Tatyana Gurevich
[Updating MAPS DATA]******************************************
********************** Starting  [185] ********************
[New Entry]
[Adding New Practitioner] Stacey O'Hara
[Updating MAPS DATA]******************************************
********************** Starting  [186] ********************
[New Entry]
[Adding New Practitioner] Leea Guy
[Updating MAPS DATA]******************************************

