{csv_result}********************** Starting Westover Hills Clinic [0] ********************
[Existing Provider]
[Updating Provider Data]
[Updating Database Data]
[Updating MAPS DATA][Adding Practitioner] => Caroline Hernandez -----------
Practitioner exists.. Updating..
********************** Starting Westover Hills Clinic [1] ********************
[Existing Provider]
[Adding Practitioner] => Jerry Burris -----------
Practitioner exists.. Updating..
********************** Starting White Settlement Family Practice [2] ********************
[Existing Provider]
[Updating Provider Data]
[Updating Database Data]
[Updating MAPS DATA][Adding Practitioner] => Cindy Atwell -----------
Practitioner exists.. Updating..
********************** Starting White Settlement Family Practice [3] ********************
[Existing Provider]
[Adding Practitioner] => Kelly Grimes -----------
Practitioner exists.. Updating..
********************** Starting Whitehouse Family Medical [4] ********************
[Existing Provider]
[Updating Provider Data]
[Updating Database Data]
[Updating MAPS DATA][Adding Practitioner] => Cheryl Layne -----------
Practitioner exists.. Updating..
********************** Starting Whitehouse Family Medical [5] ********************
[Existing Provider]
[Adding Practitioner] => Courtney Holcomb -----------
Practitioner exists.. Updating..
********************** Starting Whole Health Chiropractic [6] ********************
[Existing Provider]
[Updating Provider Data]
[Updating Database Data]
[Updating MAPS DATA][Adding Practitioner] => Cory Rice -----------
Practitioner exists.. Updating..
********************** Starting Whole Woman Health, LLC [7] ********************
[Existing Provider]
[Updating Provider Data]
[Updating Database Data]
[Updating MAPS DATA][Adding Practitioner] => Lisa Kamphuis -----------
Practitioner exists.. Updating..
********************** Starting Wholehearted Healthcare [8] ********************
[Existing Provider]
[Updating Provider Data]
[Updating Database Data]
[Updating MAPS DATA][Adding Practitioner] => Eugena Foster -----------
Practitioner exists.. Updating..
********************** Starting Wilkinson Wellness Clinic [9] ********************
[Existing Provider]
[Updating Provider Data]
[Updating Database Data]
[Updating MAPS DATA][Adding Practitioner] => Richard Wilkinson -----------
Practitioner exists.. Updating..
********************** Starting William B. Roth MD, LLC [10] ********************
[Existing Provider]
[Updating Provider Data]
[Updating Database Data]
[Updating MAPS DATA][Adding Practitioner] => William Roth -----------
Practitioner exists.. Updating..
********************** Starting William E. Roundtree, MD, PC [11] ********************
[Existing Provider]
[Updating Provider Data]
[Updating Database Data]
[Updating MAPS DATA][Adding Practitioner] => William Roundtree -----------
Practitioner exists.. Updating..
********************** Starting William F. Simpson, Jr., D.O. [12] ********************
[Existing Provider]
[Updating Provider Data]
[Updating Database Data]
[Updating MAPS DATA][Adding Practitioner] => William F Simpson -----------
Practitioner exists.. Updating..
********************** Starting William W. Anderson, MD, PC [13] ********************
[Existing Provider]
[Updating Provider Data]
[Updating Database Data]
[Updating MAPS DATA][Adding Practitioner] => William W. Anderson -----------
Practitioner exists.. Updating..
********************** Starting Willis Holloway Jr., MD [14] ********************
[Existing Provider]
[Updating Provider Data]
[Updating Database Data]
[Updating MAPS DATA][Adding Practitioner] => Willis Holloway Jr. -----------
Practitioner exists.. Updating..
********************** Starting Willow Health and Aesthetics, LLC [15] ********************
[Existing Provider]
[Updating Provider Data]
[Updating Database Data]
[Updating MAPS DATA][Adding Practitioner] => Linda Frison -----------
Practitioner exists.. Updating..
********************** Starting Willow Med Spa [16] ********************
[Existing Provider]
[Updating Provider Data]
[Updating Database Data]
[Updating MAPS DATA][Adding Practitioner] => Erica Kuhnlein -----------
Practitioner exists.. Updating..
********************** Starting Wilmington Proactive Medicine [17] ********************
[Existing Provider]
[Updating Provider Data]
[Updating Database Data]
[Updating MAPS DATA][Adding Practitioner] => Sonja M. Shanley -----------
Practitioner exists.. Updating..
********************** Starting Wilmington Proactive Medicine [18] ********************
[Existing Provider]
[Adding Practitioner] => Katherine S. Mann -----------
Practitioner exists.. Updating..
********************** Starting Wimberley Medi Spa [19] ********************
[Existing Provider]
[Updating Provider Data]
[Updating Database Data]
[Updating MAPS DATA][Adding Practitioner] => Kenneth B.  Hudspeth -----------
Practitioner exists.. Updating..
********************** Starting Wise Clinical Care Associates [20] ********************
[Existing Provider]
[Updating Provider Data]
[Updating Database Data]
[Updating MAPS DATA][Adding Practitioner] => Russell Edwards -----------
Practitioner exists.. Updating..
********************** Starting Wise Clinical Care Associates [21] ********************
[Existing Provider]
[Adding Practitioner] => Kelly Swofford -----------
Practitioner exists.. Updating..
********************** Starting Wise Clinical Care Associates - Boyd [22] ********************
[Existing Provider]
[Updating Provider Data]
[Updating Database Data]
[Updating MAPS DATA][Adding Practitioner] => LeaAnne Gilley -----------
Practitioner exists.. Updating..
********************** Starting Wise Clinical Care Associates - Boyd [23] ********************
[Existing Provider]
[Adding Practitioner] => Mauro Ganzon -----------
Practitioner exists.. Updating..
********************** Starting Wise Clinical Care Associates - Boyd [24] ********************
[Existing Provider]
[Adding Practitioner] => Kayla Boehm -----------
Practitioner exists.. Updating..
********************** Starting Wise Clinical Care Associates - Boyd [25] ********************
[Existing Provider]
[Adding Practitioner] => Kylie Kase -----------
Practitioner exists.. Updating..
********************** Starting Wise Clinical Care Associates - Boyd [26] ********************
[Existing Provider]
[Adding Practitioner] => Lauren  Morton -----------
Practitioner exists.. Updating..
********************** Starting Wise Clinical Care Associates - Boyd [27] ********************
[Existing Provider]
[Adding Practitioner] => Kylie Kase -----------
Practitioner exists.. Updating..
********************** Starting Wise Clinical Care Associates - Bridgeport [28] ********************
[Existing Provider]
[Updating Provider Data]
[Updating Database Data]
[Updating MAPS DATA][Adding Practitioner] => Leisha  Blaylock -----------
Practitioner exists.. Updating..
********************** Starting Wise Clinical Care Associates - Bridgeport [29] ********************
[Existing Provider]
[Adding Practitioner] => Kayla Boehm -----------
Practitioner exists.. Updating..
********************** Starting Wise Clinical Care Associates - Bridgeport [30] ********************
[Existing Provider]
[Adding Practitioner] => Kylie Kase -----------
Practitioner exists.. Updating..
********************** Starting Wise Clinical Care Associates - Decatur [31] ********************
[Existing Provider]
[Updating Provider Data]
[Updating Database Data]
[Updating MAPS DATA][Adding Practitioner] => C. Kelley  Tibbels -----------
Practitioner exists.. Updating..
********************** Starting Wise Clinical Care Associates - Decatur [32] ********************
[Existing Provider]
[Adding Practitioner] => Kayla Boehm -----------
Practitioner exists.. Updating..
********************** Starting Wise Clinical Care Associates - Decatur [33] ********************
[Existing Provider]
[Adding Practitioner] => LeaAnne Gilley -----------
Practitioner exists.. Updating..
********************** Starting Wise Clinical Care Associates - Decatur [34] ********************
[Existing Provider]
[Adding Practitioner] => Kylie Kase -----------
Practitioner exists.. Updating..
********************** Starting Wise Health System [35] ********************
[Existing Provider]
[Updating Provider Data]
[Updating Database Data]
[Updating MAPS DATA][Adding Practitioner] => LeaAnne Gilley -----------
Practitioner exists.. Updating..
********************** Starting Wiseman Family Practice [36] ********************
[Existing Provider]
[Updating Provider Data]
[Updating Database Data]
[Updating MAPS DATA][Adding Practitioner] => Sellma Vllasi-White -----------
Practitioner exists.. Updating..
********************** Starting Wiseman Family Practice [37] ********************
[Existing Provider]
[Adding Practitioner] => Cindy Nieland -----------
Practitioner exists.. Updating..
********************** Starting Wiseman Family Practice [38] ********************
[Existing Provider]
[Adding Practitioner] => Susana Arevalo -----------
Practitioner exists.. Updating..
********************** Starting Wiseman Family Practice [39] ********************
[Existing Provider]
[Adding Practitioner] => Sandy Garza -----------
Practitioner exists.. Updating..
********************** Starting Wiseman Family Practice [40] ********************
[Existing Provider]
[Adding Practitioner] => Diana King -----------
Practitioner exists.. Updating..
********************** Starting Wiseman Family Practice [41] ********************
[Existing Provider]
[Adding Practitioner] => Michelle Huff -----------
Practitioner exists.. Updating..
********************** Starting Wiseman Family Practice [42] ********************
[Existing Provider]
[Adding Practitioner] => Ashley Calderon -----------
Practitioner exists.. Updating..
********************** Starting Wiseman Family Practice [43] ********************
[Existing Provider]
[Adding Practitioner] => Rachel Becerra -----------
Practitioner exists.. Updating..
********************** Starting Wiseman Family Practice [44] ********************
[Existing Provider]
[Adding Practitioner] => Megan  Roberts -----------
Practitioner exists.. Updating..
********************** Starting Wiseman Family Practice [45] ********************
[Existing Provider]
[Adding Practitioner] => Ashley Calderon -----------
Practitioner exists.. Updating..
********************** Starting Wiseman Family Practice [46] ********************
[Existing Provider]
[Adding Practitioner] => Brian Williams -----------
Practitioner exists.. Updating..
********************** Starting Wiseman Family Practice [47] ********************
[Existing Provider]
[Adding Practitioner] => Sandy Garza -----------
Practitioner exists.. Updating..
********************** Starting Wiseman Family Practice [48] ********************
[Existing Provider]
[Adding Practitioner] => Lauren  Johnston Colletti -----------
Practitioner exists.. Updating..
********************** Starting Wiseman Family Practice [49] ********************
[Existing Provider]
[Adding Practitioner] => Ashley Calderon -----------
Practitioner exists.. Updating..
********************** Starting Woman's Health Center Kissimmee [50] ********************
[Existing Provider]
[Updating Provider Data]
[Updating Database Data]
[Updating MAPS DATA][Adding Practitioner] => Mark Palazzolo -----------
Practitioner exists.. Updating..
********************** Starting Woman's Health Centers- Celebration [51] ********************
[Existing Provider]
[Updating Provider Data]
[Updating Database Data]
[Updating MAPS DATA][Adding Practitioner] => Michael DeNardis -----------
Practitioner exists.. Updating..
********************** Starting Woman's Place at the Lakes [52] ********************
[Existing Provider]
[Updating Provider Data]
[Updating Database Data]
[Updating MAPS DATA][Adding Practitioner] => John Guerra -----------
Practitioner exists.. Updating..
********************** Starting Womankind OB\/GYN [53] ********************
[Existing Provider]
[Updating Provider Data]
[Updating Database Data]
[Updating MAPS DATA][Adding Practitioner] => Hearther Daley -----------
********************** Starting Women Health Institute and GYN Spa [54] ********************
[Existing Provider]
[Updating Provider Data]
[Updating Database Data]
[Updating MAPS DATA][Adding Practitioner] => Jamith Torres Ramos -----------
Practitioner exists.. Updating..
********************** Starting Women's Care Center [55] ********************
[Existing Provider]
[Updating Provider Data]
[Updating Database Data]
[Updating MAPS DATA][Adding Practitioner] => Alvaro Mercado -----------
Practitioner exists.. Updating..
********************** Starting Women's Care Center [56] ********************
[Existing Provider]
[Adding Practitioner] => Sophie Mercado -----------
Practitioner exists.. Updating..
********************** Starting Women's Center of Excellence [57] ********************
[Existing Provider]
[Updating Provider Data]
[Updating Database Data]
[Updating MAPS DATA][Adding Practitioner] => Danielle Jimenez-Flores -----------
Practitioner exists.. Updating..
********************** Starting Women's Center of Excellence [58] ********************
[Existing Provider]
[Adding Practitioner] => Jennifer Almonte-Gonzalez -----------
Practitioner exists.. Updating..
********************** Starting Women's Center of Excellence [59] ********************
[Existing Provider]
[Adding Practitioner] => Liliana Padilla-Williams -----------
Practitioner exists.. Updating..
********************** Starting Women's Clinic [60] ********************
[Existing Provider]
[Updating Provider Data]
[Updating Database Data]
[Updating MAPS DATA][Adding Practitioner] => Trent J. Fogleman -----------
Practitioner exists.. Updating..
********************** Starting Women's Clinic [61] ********************
[Existing Provider]
[Adding Practitioner] => Ashley Shaw -----------
Practitioner exists.. Updating..
********************** Starting Women's Clinic of SWLA [62] ********************
[Existing Provider]
[Updating Provider Data]
[Updating Database Data]
[Updating MAPS DATA][Adding Practitioner] => James R. Rudd, Jr. -----------
Practitioner exists.. Updating..
********************** Starting Women's Continence and Robotic Surgery Specialists [63] ********************
[Existing Provider]
[Updating Provider Data]
[Updating Database Data]
[Updating MAPS DATA][Adding Practitioner] => Earle M. Pescatore Jr. -----------
Practitioner exists.. Updating..
********************** Starting Women's Health & Wellness [64] ********************
[Existing Provider]
[Updating Provider Data]
[Updating Database Data]
[Updating MAPS DATA][Adding Practitioner] => Jeanette Pilotte -----------
Practitioner exists.. Updating..
********************** Starting Women's Health and Wellness, LLC [65] ********************
[Existing Provider]
[Updating Provider Data]
[Updating Database Data]
[Updating MAPS DATA][Adding Practitioner] => Vicki Steen -----------
Practitioner exists.. Updating..
********************** Starting Women's Health and Wellness, LLC [66] ********************
[Existing Provider]
[Adding Practitioner] => Crystal Alack -----------
Practitioner exists.. Updating..
********************** Starting Women's Health Associates- WHA [67] ********************
[Existing Provider]
[Updating Provider Data]
[Updating Database Data]
[Updating MAPS DATA][Adding Practitioner] => Carin Appel -----------
Practitioner exists.. Updating..
********************** Starting Women's Health Associates- WHA [68] ********************
[Existing Provider]
[Adding Practitioner] => Clyde Meeks -----------
Practitioner exists.. Updating..
********************** Starting Women's Health Associates- WHA [69] ********************
[Existing Provider]
[Adding Practitioner] => Rhodesia Castillo -----------
Practitioner exists.. Updating..
********************** Starting Women's Health Care Associates [70] ********************
[Existing Provider]
[Updating Provider Data]
[Updating Database Data]
[Updating MAPS DATA][Adding Practitioner] => Royice  Everett -----------
Practitioner exists.. Updating..
********************** Starting Women's Health Care Associates [71] ********************
[Existing Provider]
[Adding Practitioner] => Pamela Snyder -----------
Practitioner exists.. Updating..
********************** Starting Women's Health Care Associates [72] ********************
[Existing Provider]
[Adding Practitioner] => Kathy  England -----------
Practitioner exists.. Updating..
********************** Starting Women's Health Care Associates [73] ********************
[Existing Provider]
[Adding Practitioner] => Monica Abarca -----------
Practitioner exists.. Updating..
********************** Starting Women's Health Care Associates [74] ********************
[Existing Provider]
[Adding Practitioner] => Karen Ashbeck -----------
Practitioner exists.. Updating..
********************** Starting Women's Health Care Associates [75] ********************
[Existing Provider]
[Adding Practitioner] => Gerard Ashbeck -----------
Practitioner exists.. Updating..
********************** Starting Women's Health Care Associates [76] ********************
[Existing Provider]
[Adding Practitioner] => Catrina Bubier -----------
Practitioner exists.. Updating..
********************** Starting Women's Health Center of Central Kentucky [77] ********************
[Existing Provider]
[Updating Provider Data]
[Updating Database Data]
[Updating MAPS DATA][Adding Practitioner] => Leslie D. Simmons -----------
Practitioner exists.. Updating..
********************** Starting Women's Health Center of Lebanon, Ltd [78] ********************
[Existing Provider]
[Updating Provider Data]
[Updating Database Data]
[Updating MAPS DATA][Adding Practitioner] => Dennis Easter -----------
Practitioner exists.. Updating..
********************** Starting Women's Health Institute at Stockbridge [79] ********************
[Existing Provider]
[Updating Provider Data]
[Updating Database Data]
[Updating MAPS DATA][Adding Practitioner] => Anayo Umerah -----------
Practitioner exists.. Updating..
********************** Starting Women's Health Institute at Stockbridge [80] ********************
[Existing Provider]
[Adding Practitioner] => Kevin Edmonds -----------
Practitioner exists.. Updating..
********************** Starting Women's Health Institute of Macon [81] ********************
[Existing Provider]
[Updating Provider Data]
[Updating Database Data]
[Updating MAPS DATA][Adding Practitioner] => Anayo Umerah -----------
Practitioner exists.. Updating..
********************** Starting Women's Health Institute of Macon [82] ********************
[Existing Provider]
[Adding Practitioner] => April Witzel -----------
Practitioner exists.. Updating..
********************** Starting Women's Health Specialists of Central Florida [83] ********************
[Existing Provider]
[Updating Provider Data]
[Updating Database Data]
[Updating MAPS DATA][Adding Practitioner] => Silpa Senchani -----------
Practitioner exists.. Updating..
********************** Starting Women's Health Specialists of Central Florida- Orlando [84] ********************
[Existing Provider]
[Updating Provider Data]
[Updating Database Data]
[Updating MAPS DATA][Adding Practitioner] => Silpa Senchani -----------
Practitioner exists.. Updating..
********************** Starting Women's Health Specialists of North Atlanta [85] ********************
[Existing Provider]
[Updating Provider Data]
[Updating Database Data]
[Updating MAPS DATA][Adding Practitioner] => Ae Seon Cha -----------
Practitioner exists.. Updating..
********************** Starting Women's Healthcare Center of Baytown [86] ********************
[Existing Provider]
[Updating Provider Data]
[Updating Database Data]
[Updating MAPS DATA][Adding Practitioner] => Rosalyn Gayle -----------
Practitioner exists.. Updating..
********************** Starting Women's Healthcare Clinic  [87] ********************
[Existing Provider]
[Updating Provider Data]
[Updating Database Data]
[Updating MAPS DATA][Adding Practitioner] => Lakeisha  White Richardson -----------
Practitioner exists.. Updating..
********************** Starting Women's Healthcare Clinic  [88] ********************
[Existing Provider]
[Adding Practitioner] => Janice Adams -----------
Practitioner exists.. Updating..
********************** Starting Women's Pelvic Health, LLC [89] ********************
[Existing Provider]
[Updating Provider Data]
[Updating Database Data]
[Updating MAPS DATA][Adding Practitioner] => Gregory Bailey -----------
Practitioner exists.. Updating..
********************** Starting Women's Pelvic Health, LLC [90] ********************
[Existing Provider]
[Adding Practitioner] => Crystal Thompson -----------
Practitioner exists.. Updating..
********************** Starting Women's Pelvic Restorative Center [91] ********************
[Existing Provider]
[Updating Provider Data]
[Updating Database Data]
[Updating MAPS DATA][Adding Practitioner] => Peter Lotze -----------
Practitioner exists.. Updating..
********************** Starting Women's Pelvic Restorative Center [92] ********************
[Existing Provider]
[Adding Practitioner] => Annie Li -----------
Practitioner exists.. Updating..
********************** Starting Women's Speciality Center [93] ********************
[Existing Provider]
[Updating Provider Data]
[Updating Database Data]
[Updating MAPS DATA][Adding Practitioner] => Alfredo Antonetti -----------
Practitioner exists.. Updating..
********************** Starting Women's Speciality Center [94] ********************
[Existing Provider]
[Adding Practitioner] => Elizabeth Ramirez -----------
Practitioner exists.. Updating..
********************** Starting Women's Specialty Center [95] ********************
[Existing Provider]
[Updating Provider Data]
[Updating Database Data]
[Updating MAPS DATA][Adding Practitioner] => Alfredo Antonetti -----------
Practitioner exists.. Updating..
********************** Starting Women's Specialty Center [96] ********************
[Existing Provider]
[Adding Practitioner] => Liliana  Lozano -----------
Practitioner exists.. Updating..
********************** Starting Women's Wellness and Anti-Aging Medical Spa [97] ********************
[Existing Provider]
[Updating Provider Data]
[Updating Database Data]
[Updating MAPS DATA][Adding Practitioner] => Erika Benabe-Gonzalez -----------
Practitioner exists.. Updating..
********************** Starting Women's Wellness at Flower Mound [98] ********************
[Existing Provider]
[Updating Provider Data]
[Updating Database Data]
[Updating MAPS DATA][Adding Practitioner] => Sylvie H. Paroski -----------
Practitioner exists.. Updating..
********************** Starting Women's Wellness at Flower Mound [99] ********************
[Existing Provider]
[Adding Practitioner] => Amy  Ornelas -----------
Practitioner exists.. Updating..
********************** Starting Women's Wellness at Flower Mound [100] ********************
[Existing Provider]
[Adding Practitioner] => LeighAnn Kamm -----------
Practitioner exists.. Updating..
********************** Starting Women's Wellness Center [101] ********************
[Existing Provider]
[Updating Provider Data]
[Updating Database Data]
[Updating MAPS DATA][Adding Practitioner] => Terrence Harris -----------
Practitioner exists.. Updating..
********************** Starting Women's Wellness Center [102] ********************
[Existing Provider]
[Adding Practitioner] => Gail Pezzullo-Burgs -----------
Practitioner exists.. Updating..
********************** Starting Women's Wellness Institute of Dallas [103] ********************
[Existing Provider]
[Updating Provider Data]
[Updating Database Data]
[Updating MAPS DATA][Adding Practitioner] => Wesley A.   Brady -----------
Practitioner exists.. Updating..
********************** Starting Women's Wellness Institute of Dallas [104] ********************
[Existing Provider]
[Adding Practitioner] => Amy Grow -----------
Practitioner exists.. Updating..
********************** Starting Women's Wellness Institute of Dallas [105] ********************
[Existing Provider]
[Adding Practitioner] => Angie Christon -----------
Practitioner exists.. Updating..
********************** Starting Womens Healthcare Associates [106] ********************
[Existing Provider]
[Updating Provider Data]
[Updating Database Data]
[Updating MAPS DATA][Adding Practitioner] => Gary DeBakey -----------
Practitioner exists.. Updating..
********************** Starting Womens Healthcare Associates [107] ********************
[Existing Provider]
[Adding Practitioner] => Lou Rubio -----------
Practitioner exists.. Updating..
********************** Starting Womens Healthcare Center of Georgia [108] ********************
[Existing Provider]
[Updating Provider Data]
[Updating Database Data]
[Updating MAPS DATA][Adding Practitioner] => Angela Hudson -----------
Practitioner exists.. Updating..
********************** Starting Womens Medical Care PC [109] ********************
[Existing Provider]
[Updating Provider Data]
[Updating Database Data]
[Updating MAPS DATA][Adding Practitioner] => Adam Feingold -----------
Practitioner exists.. Updating..
********************** Starting Womens Medical Care PC [110] ********************
[Existing Provider]
[Adding Practitioner] => Luis Fernandez -----------
Practitioner exists.. Updating..
********************** Starting Womens Medical Care PC [111] ********************
[Existing Provider]
[Adding Practitioner] => Linda Privette -----------
Practitioner exists.. Updating..
********************** Starting Womens Medical Center of Clovis [112] ********************
[Existing Provider]
[Updating Provider Data]
[Updating Database Data]
[Updating MAPS DATA][Adding Practitioner] => Mazin Al Saleh -----------
Practitioner exists.. Updating..
********************** Starting Womens Medical Center of Clovis [113] ********************
[Existing Provider]
[Adding Practitioner] => Cristy Walsh -----------
Practitioner exists.. Updating..
********************** Starting Womens Medical Center of Clovis [114] ********************
[Existing Provider]
[Adding Practitioner] => Mazin Al Saleh -----------
********************** Starting Womens Specialists of New Mexico [115] ********************
[Existing Provider]
[Updating Provider Data]
[Updating Database Data]
[Updating MAPS DATA][Adding Practitioner] => Donna Mosier -----------
Practitioner exists.. Updating..
********************** Starting Womens Specialists of New Mexico [116] ********************
[Existing Provider]
[Adding Practitioner] => Steven Gough -----------
Practitioner exists.. Updating..
********************** Starting Womens Specialists of New Mexico [117] ********************
[Existing Provider]
[Adding Practitioner] => Tammy Tanner -----------
Practitioner exists.. Updating..
********************** Starting Womens Specialists of New Mexico [118] ********************
[Existing Provider]
[Adding Practitioner] => Andrea Joseph -----------
Practitioner exists.. Updating..
********************** Starting Womens Specialists of New Mexico [119] ********************
[Existing Provider]
[Adding Practitioner] => Consuelo Carmona -----------
Practitioner exists.. Updating..
********************** Starting Womens Specialists of New Mexico [120] ********************
[Existing Provider]
[Adding Practitioner] => Samantha Wilson -----------
Practitioner exists.. Updating..
********************** Starting Womens Specialists of New Mexico [121] ********************
[Existing Provider]
[Adding Practitioner] => Tammy Tanner -----------
Practitioner exists.. Updating..
********************** Starting Womens Wellness Center & Medical Spa [122] ********************
[Existing Provider]
[Updating Provider Data]
[Updating Database Data]
[Updating MAPS DATA][Adding Practitioner] => Michael Knapp -----------
Practitioner exists.. Updating..
********************** Starting Womens Wellness Center & Medical Spa [123] ********************
[Existing Provider]
[Adding Practitioner] => Suellen Schiener -----------
Practitioner exists.. Updating..
********************** Starting Woodland Park Family Medicine [124] ********************
[Existing Provider]
[Updating Provider Data]
[Updating Database Data]
[Updating MAPS DATA][Adding Practitioner] => Matthew C. Young -----------
Practitioner exists.. Updating..
********************** Starting Woodland Park Family Medicine [125] ********************
[Existing Provider]
[Adding Practitioner] => April Young -----------
Practitioner exists.. Updating..
********************** Starting Woodland Park Family Medicine [126] ********************
[Existing Provider]
[Adding Practitioner] => Loretta Smith -----------
Practitioner exists.. Updating..
********************** Starting Woodland Park Family Medicine [127] ********************
[Existing Provider]
[Adding Practitioner] => Stacy Concelman -----------
Practitioner exists.. Updating..
********************** Starting Woodlands Gynecology & Aesthetics [128] ********************
[Existing Provider]
[Updating Provider Data]
[Updating Database Data]
[Updating MAPS DATA][Adding Practitioner] => Johnny Peet -----------
Practitioner exists.. Updating..
********************** Starting Woodlands Gynecology & Aesthetics [129] ********************
[Existing Provider]
[Adding Practitioner] => Ginger Trejo -----------
Practitioner exists.. Updating..
********************** Starting Woodlands Gynecology & Aesthetics [130] ********************
[Existing Provider]
[Adding Practitioner] => Natalie Drake -----------
Practitioner exists.. Updating..
********************** Starting Woodlands Internists, PA [131] ********************
[Existing Provider]
[Updating Provider Data]
[Updating Database Data]
[Updating MAPS DATA][Adding Practitioner] => Nadeem Jamil -----------
Practitioner exists.. Updating..
********************** Starting Woodlands Internists, PA [132] ********************
[Existing Provider]
[Adding Practitioner] => Heather N.  Smith -----------
Practitioner exists.. Updating..
********************** Starting Woodlands Internists, PA [133] ********************
[Existing Provider]
[Adding Practitioner] => Rebekah Adai -----------
Practitioner exists.. Updating..
********************** Starting Woodlands Internists, PA [134] ********************
[Existing Provider]
[Adding Practitioner] => Parneet Mattewal -----------
Practitioner exists.. Updating..
********************** Starting Woodlands Medical Aesthetics Institute [135] ********************
[Existing Provider]
[Updating Provider Data]
[Updating Database Data]
[Updating MAPS DATA][Adding Practitioner] => Johnny Peet -----------
Practitioner exists.. Updating..
********************** Starting Woodlands Medical Aesthetics Institute [136] ********************
[Existing Provider]
[Adding Practitioner] => Laura Sheffer -----------
Practitioner exists.. Updating..
********************** Starting Woodlands Medical Aesthetics Institute [137] ********************
[Existing Provider]
[Adding Practitioner] => Heather Bell -----------
Practitioner exists.. Updating..
********************** Starting Wound Healing Associates, PA [138] ********************
[Existing Provider]
[Updating Provider Data]
[Updating Database Data]
[Updating MAPS DATA][Adding Practitioner] => Patrick Kimbrell -----------
Practitioner exists.. Updating..
********************** Starting Wound Healing Associates, PA [139] ********************
[Existing Provider]
[Adding Practitioner] => Mark Robbins -----------
Practitioner exists.. Updating..
********************** Starting Wrinkle Free MD Med Spa and Wellness Clinic [140] ********************
[Existing Provider]
[Updating Provider Data]
[Updating Database Data]
[Updating MAPS DATA][Adding Practitioner] => Emily Porter -----------
Practitioner exists.. Updating..
********************** Starting Wrinkle Free MD Med Spa and Wellness Clinic [141] ********************
[Existing Provider]
[Adding Practitioner] => Ryan Morrissey -----------
Practitioner exists.. Updating..
********************** Starting Wymore Laser and Anti-Aging Medicine [142] ********************
[Existing Provider]
[Updating Provider Data]
[Updating Database Data]
[Updating MAPS DATA][Adding Practitioner] => Loakhnauth Ramkishun -----------
Practitioner exists.. Updating..
********************** Starting Wymore Laser and Anti-Aging Medicine [143] ********************
[Existing Provider]
[Adding Practitioner] => Anthony Filardo DC -----------
Practitioner exists.. Updating..
********************** Starting Wymore Laser and Anti-Aging Medicine [144] ********************
[Existing Provider]
[Adding Practitioner] => Angel Knight -----------
Practitioner exists.. Updating..
********************** Starting XSculpt Evanston [145] ********************
[Existing Provider]
[Updating Provider Data]
[Updating Database Data]
[Updating MAPS DATA][Adding Practitioner] => Marc Adajar -----------
Practitioner exists.. Updating..
********************** Starting XSculpt Evanston [146] ********************
[Existing Provider]
[Adding Practitioner] => Tatiana Batista -----------
Practitioner exists.. Updating..
********************** Starting XSculpt Evanston [147] ********************
[Existing Provider]
[Adding Practitioner] => Anh-Tuan Truong -----------
Practitioner exists.. Updating..
********************** Starting XSculpt Evanston [148] ********************
[Existing Provider]
[Adding Practitioner] => Michelle Ortiz -----------
Practitioner exists.. Updating..
********************** Starting XSculpt Global LLC [149] ********************
[Existing Provider]
[Updating Provider Data]
[Updating Database Data]
[Updating MAPS DATA][Adding Practitioner] => Marc Adajar -----------
Practitioner exists.. Updating..
********************** Starting XSculpt Global LLC [150] ********************
[Existing Provider]
[Adding Practitioner] => Tatiana Batista -----------
Practitioner exists.. Updating..
********************** Starting XSculpt Global LLC [151] ********************
[Existing Provider]
[Adding Practitioner] => Michelle Ortiz -----------
Practitioner exists.. Updating..
********************** Starting XSculpt Global LLC [152] ********************
[Existing Provider]
[Adding Practitioner] => Anh-Tuan Truong -----------
Practitioner exists.. Updating..
********************** Starting XSculpt Lakeview [153] ********************
[Existing Provider]
[Updating Provider Data]
[Updating Database Data]
[Updating MAPS DATA][Adding Practitioner] => Marc Adajar -----------
Practitioner exists.. Updating..
********************** Starting XSculpt Lakeview [154] ********************
[Existing Provider]
[Adding Practitioner] => Tatiana Batista -----------
Practitioner exists.. Updating..
********************** Starting XSculpt Lakeview [155] ********************
[Existing Provider]
[Adding Practitioner] => Michelle Ortiz -----------
Practitioner exists.. Updating..
********************** Starting XSculpt Lakeview [156] ********************
[Existing Provider]
[Adding Practitioner] => Lauren Persico -----------
Practitioner exists.. Updating..
********************** Starting XSculpt Lakeview [157] ********************
[Existing Provider]
[Adding Practitioner] => Anabel Ibarra -----------
Practitioner exists.. Updating..
********************** Starting Yampa Valley Ob\/Gyn [158] ********************
[Existing Provider]
[Updating Provider Data]
[Updating Database Data]
[Updating MAPS DATA][Adding Practitioner] => Leslie Ahlmeyer -----------
********************** Starting Yang Institute of Integrative Medicine  [159] ********************
[Existing Provider]
[Updating Provider Data]
[Updating Database Data]
[Updating MAPS DATA][Adding Practitioner] => Jingduan Yang -----------
Practitioner exists.. Updating..
********************** Starting Yang Institute of Integrative Medicine  [160] ********************
[Existing Provider]
[Adding Practitioner] => Sharon Streets -----------
Practitioner exists.. Updating..
********************** Starting Yardley Wellness Center [161] ********************
[Existing Provider]
[Updating Provider Data]
[Updating Database Data]
[Updating MAPS DATA][Adding Practitioner] => John Sabatini -----------
Practitioner exists.. Updating..
********************** Starting YOU.Designer Health [162] ********************
[Existing Provider]
[Updating Provider Data]
[Updating Database Data]
[Updating MAPS DATA][Adding Practitioner] => Carl  Britton -----------
Practitioner exists.. Updating..
********************** Starting YOU.Designer Health [163] ********************
[Existing Provider]
[Adding Practitioner] => Jennifer Gorman -----------
Practitioner exists.. Updating..
********************** Starting Young Medical Spa [164] ********************
[Existing Provider]
[Updating Provider Data]
[Updating Database Data]
[Updating MAPS DATA][Adding Practitioner] => Thomas Young -----------
Practitioner exists.. Updating..
********************** Starting Young Medical Spa [165] ********************
[Existing Provider]
[Adding Practitioner] => Judith Walls -----------
Practitioner exists.. Updating..
********************** Starting Young Medical Spa [166] ********************
[Existing Provider]
[Adding Practitioner] => Lynn Testaiuti -----------
Practitioner exists.. Updating..
********************** Starting Young Medical Spa [167] ********************
[Existing Provider]
[Adding Practitioner] => Paula Di Marco Young -----------
Practitioner exists.. Updating..
********************** Starting Young Medical Spa [168] ********************
[Existing Provider]
[Adding Practitioner] => Thomas Young -----------
********************** Starting Young Medical Spa [169] ********************
[Existing Provider]
[Adding Practitioner] => Judith Walls -----------
Practitioner exists.. Updating..
********************** Starting Young Medical Spa [170] ********************
[Existing Provider]
[Adding Practitioner] => Lynn Testaiuti -----------
Practitioner exists.. Updating..
********************** Starting Your Health District [171] ********************
[Existing Provider]
[Updating Provider Data]
[Updating Database Data]
[Updating MAPS DATA][Adding Practitioner] => Laura Magoffie -----------
Practitioner exists.. Updating..
********************** Starting Your Hormone Doctor [172] ********************
[Existing Provider]
[Updating Provider Data]
[Updating Database Data]
[Updating MAPS DATA][Adding Practitioner] => Janine A.  Blackman -----------
Practitioner exists.. Updating..
********************** Starting Your Will Wellness LLC [173] ********************
[Existing Provider]
[Updating Provider Data]
[Updating Database Data]
[Updating MAPS DATA][Adding Practitioner] => Sherrine Richmond -----------
Practitioner exists.. Updating..
********************** Starting YourMD, SC [174] ********************
[Existing Provider]
[Updating Provider Data]
[Updating Database Data]
[Updating MAPS DATA][Adding Practitioner] => Richard Lewis -----------
Practitioner exists.. Updating..
********************** Starting YourMD, SC [175] ********************
[Existing Provider]
[Adding Practitioner] => LuAnn Moraski -----------
Practitioner exists.. Updating..
********************** Starting Z-Spa [176] ********************
[Existing Provider]
[Updating Provider Data]
[Updating Database Data]
[Updating MAPS DATA][Adding Practitioner] => Gregory Gardner -----------
Practitioner exists.. Updating..
********************** Starting Zachary OB\/GYN [177] ********************
[Existing Provider]
[Updating Provider Data]
[Updating Database Data]
[Updating MAPS DATA][Adding Practitioner] => Lydia Lewis -----------
********************** Starting Zest Family Practice [178] ********************
[Existing Provider]
[Updating Provider Data]
[Updating Database Data]
[Updating MAPS DATA][Adding Practitioner] => Robert Francis Mijares -----------
Practitioner exists.. Updating..
********************** Starting Zest Family Practice [179] ********************
[Existing Provider]
[Adding Practitioner] => Ashley Whatley -----------
Practitioner exists.. Updating..
********************** Starting Zest Family Practice [180] ********************
[Existing Provider]
[Adding Practitioner] => Raissa Behm -----------
Practitioner exists.. Updating..
********************** Starting Zestful Health [181] ********************
[Existing Provider]
[Updating Provider Data]
[Updating Database Data]
[Updating MAPS DATA][Adding Practitioner] => Sanjay Khedia -----------
Practitioner exists.. Updating..
********************** Starting Zhoy Vitality Center [182] ********************
[Existing Provider]
[Updating Provider Data]
[Updating Database Data]
[Updating MAPS DATA][Adding Practitioner] => Areej Salem -----------
Practitioner exists.. Updating..
********************** Starting ZI K.P.A. [183] ********************
[Existing Provider]
[Updating Provider Data]
[Updating Database Data]
[Updating MAPS DATA][Adding Practitioner] => Vladimir Grebennikov -----------
Practitioner exists.. Updating..
********************** Starting ZI K.P.A. [184] ********************
[Existing Provider]
[Adding Practitioner] => Tatyana Gurevich -----------
Practitioner exists.. Updating..
********************** Starting Zzap Wellness [185] ********************
[Existing Provider]
[Updating Provider Data]
[Updating Database Data]
[Updating MAPS DATA][Adding Practitioner] => Stacey O'Hara -----------
Practitioner exists.. Updating..
********************** Starting Zzap Wellness [186] ********************
[Existing Provider]
[Adding Practitioner] => Leea Guy -----------
Practitioner exists.. Updating..

